2023-06-11 09:59:18,723 [Worker-18] INFO  o.e.m.c.i.l.LifecycleMappingFactory - Using org.eclipse.m2e.jdt.JarLifecycleMapping lifecycle mapping for MavenProject: com.cognizant:MovieBookingApp:0.0.1-SNAPSHOT @ C:\Users\2101842\FSE1MoviebookingApp\MovieBookingApp\MovieBookingAppBackend\MovieBookingApp\pom.xml.
2023-06-11 09:59:26,387 [Worker-18] INFO  o.e.m.c.i.l.LifecycleMappingFactory - Using org.eclipse.m2e.jdt.JarLifecycleMapping lifecycle mapping for MavenProject: com.cognizant:UserManagement:0.0.1-SNAPSHOT @ C:\Users\2101842\FSE1MoviebookingApp\MovieBookingApp\MovieBookingAppBackend\UserManagement\pom.xml.
2023-06-11 09:59:36,340 [Worker-18] INFO  o.e.m.j.i.AbstractJavaProjectConfigurator - Adding source folder /UserManagement/src/main/java
2023-06-11 09:59:36,342 [Worker-18] INFO  o.e.m.j.i.AbstractJavaProjectConfigurator - Adding resource folder /UserManagement/src/main/resources
2023-06-11 09:59:36,343 [Worker-18] INFO  o.e.m.j.i.AbstractJavaProjectConfigurator - Adding resource folder /UserManagement/src/main/resources
2023-06-11 09:59:36,345 [Worker-18] INFO  o.e.m.j.i.AbstractJavaProjectConfigurator - Adding source folder /UserManagement/src/test/java
2023-06-11 09:59:37,241 [Worker-18] INFO  o.e.m.j.i.AbstractJavaProjectConfigurator - Adding source folder /MovieBookingApp/src/main/java
2023-06-11 09:59:37,242 [Worker-18] INFO  o.e.m.j.i.AbstractJavaProjectConfigurator - Adding resource folder /MovieBookingApp/src/main/resources
2023-06-11 09:59:37,243 [Worker-18] INFO  o.e.m.j.i.AbstractJavaProjectConfigurator - Adding resource folder /MovieBookingApp/src/main/resources
2023-06-11 09:59:37,245 [Worker-18] INFO  o.e.m.j.i.AbstractJavaProjectConfigurator - Adding source folder /MovieBookingApp/src/test/java
2023-06-11 09:59:37,855 [Worker-18] INFO  o.e.m.c.i.p.ProjectConfigurationManager - Imported and configured 2 project(s) in 44 sec
2023-06-11 09:59:49,474 [Worker-8] INFO  o.e.m.c.i.embedder.EclipseLogger - Using 'UTF-8' encoding to copy filtered resources.
2023-06-11 09:59:49,476 [Worker-8] INFO  o.e.m.c.i.embedder.EclipseLogger - Using 'UTF-8' encoding to copy filtered properties files.
2023-06-11 09:59:49,490 [Worker-8] INFO  o.e.m.c.i.embedder.EclipseLogger - Copying 1 resource
2023-06-11 09:59:49,836 [Worker-8] INFO  o.e.m.c.i.embedder.EclipseLogger - Copying 0 resource
2023-06-11 09:59:49,845 [Worker-8] INFO  o.e.m.c.i.embedder.EclipseLogger - Using 'UTF-8' encoding to copy filtered resources.
2023-06-11 09:59:49,847 [Worker-8] INFO  o.e.m.c.i.embedder.EclipseLogger - Using 'UTF-8' encoding to copy filtered properties files.
2023-06-11 09:59:49,847 [Worker-8] INFO  o.e.m.c.i.embedder.EclipseLogger - skip non existing resourceDirectory C:\Users\2101842\FSE1MoviebookingApp\MovieBookingApp\MovieBookingAppBackend\MovieBookingApp\src\test\resources
2023-06-11 09:59:57,268 [Worker-8] INFO  o.e.m.c.i.embedder.EclipseLogger - Using 'UTF-8' encoding to copy filtered resources.
2023-06-11 09:59:57,269 [Worker-8] INFO  o.e.m.c.i.embedder.EclipseLogger - Using 'UTF-8' encoding to copy filtered properties files.
2023-06-11 09:59:57,271 [Worker-8] INFO  o.e.m.c.i.embedder.EclipseLogger - Copying 1 resource
2023-06-11 09:59:57,312 [Worker-8] INFO  o.e.m.c.i.embedder.EclipseLogger - Copying 0 resource
2023-06-11 09:59:57,317 [Worker-8] INFO  o.e.m.c.i.embedder.EclipseLogger - Using 'UTF-8' encoding to copy filtered resources.
2023-06-11 09:59:57,318 [Worker-8] INFO  o.e.m.c.i.embedder.EclipseLogger - Using 'UTF-8' encoding to copy filtered properties files.
2023-06-11 09:59:57,319 [Worker-8] INFO  o.e.m.c.i.embedder.EclipseLogger - skip non existing resourceDirectory C:\Users\2101842\FSE1MoviebookingApp\MovieBookingApp\MovieBookingAppBackend\UserManagement\src\test\resources
2023-06-11 10:00:51,983 [Worker-18] INFO  o.e.m.c.i.embedder.EclipseLogger - Using 'UTF-8' encoding to copy filtered resources.
2023-06-11 10:00:51,984 [Worker-18] INFO  o.e.m.c.i.embedder.EclipseLogger - Using 'UTF-8' encoding to copy filtered properties files.
2023-06-11 10:00:51,997 [Worker-18] INFO  o.e.m.c.i.embedder.EclipseLogger - Copying 1 resource
2023-06-11 10:00:52,080 [Worker-18] INFO  o.e.m.c.i.embedder.EclipseLogger - Copying 0 resource
2023-06-11 10:00:52,085 [Worker-18] INFO  o.e.m.c.i.embedder.EclipseLogger - Using 'UTF-8' encoding to copy filtered resources.
2023-06-11 10:00:52,086 [Worker-18] INFO  o.e.m.c.i.embedder.EclipseLogger - Using 'UTF-8' encoding to copy filtered properties files.
2023-06-11 10:00:52,086 [Worker-18] INFO  o.e.m.c.i.embedder.EclipseLogger - skip non existing resourceDirectory C:\Users\2101842\FSE1MoviebookingApp\MovieBookingApp\MovieBookingAppBackend\UserManagement\src\test\resources
2023-06-11 10:01:14,114 [Worker-4] INFO  o.e.m.c.i.embedder.EclipseLogger - Using 'UTF-8' encoding to copy filtered resources.
2023-06-11 10:01:14,114 [Worker-4] INFO  o.e.m.c.i.embedder.EclipseLogger - Using 'UTF-8' encoding to copy filtered properties files.
2023-06-11 10:01:14,119 [Worker-4] INFO  o.e.m.c.i.embedder.EclipseLogger - Copying 1 resource
2023-06-11 10:01:14,152 [Worker-4] INFO  o.e.m.c.i.embedder.EclipseLogger - Copying 0 resource
2023-06-11 10:01:14,156 [Worker-4] INFO  o.e.m.c.i.embedder.EclipseLogger - Using 'UTF-8' encoding to copy filtered resources.
2023-06-11 10:01:14,156 [Worker-4] INFO  o.e.m.c.i.embedder.EclipseLogger - Using 'UTF-8' encoding to copy filtered properties files.
2023-06-11 10:01:14,157 [Worker-4] INFO  o.e.m.c.i.embedder.EclipseLogger - skip non existing resourceDirectory C:\Users\2101842\FSE1MoviebookingApp\MovieBookingApp\MovieBookingAppBackend\UserManagement\src\test\resources
2023-06-11 10:01:33,168 [Worker-17] INFO  o.e.m.c.i.embedder.EclipseLogger - Using 'UTF-8' encoding to copy filtered resources.
2023-06-11 10:01:33,169 [Worker-17] INFO  o.e.m.c.i.embedder.EclipseLogger - Using 'UTF-8' encoding to copy filtered properties files.
2023-06-11 10:01:33,175 [Worker-17] INFO  o.e.m.c.i.embedder.EclipseLogger - Copying 1 resource
2023-06-11 10:01:33,203 [Worker-17] INFO  o.e.m.c.i.embedder.EclipseLogger - Copying 0 resource
2023-06-11 10:01:33,208 [Worker-17] INFO  o.e.m.c.i.embedder.EclipseLogger - Using 'UTF-8' encoding to copy filtered resources.
2023-06-11 10:01:33,209 [Worker-17] INFO  o.e.m.c.i.embedder.EclipseLogger - Using 'UTF-8' encoding to copy filtered properties files.
2023-06-11 10:01:33,209 [Worker-17] INFO  o.e.m.c.i.embedder.EclipseLogger - skip non existing resourceDirectory C:\Users\2101842\FSE1MoviebookingApp\MovieBookingApp\MovieBookingAppBackend\MovieBookingApp\src\test\resources
2023-06-11 10:01:56,472 [Worker-7] INFO  o.e.m.c.i.embedder.EclipseLogger - Using 'UTF-8' encoding to copy filtered resources.
2023-06-11 10:01:56,473 [Worker-7] INFO  o.e.m.c.i.embedder.EclipseLogger - Using 'UTF-8' encoding to copy filtered properties files.
2023-06-11 10:01:56,476 [Worker-7] INFO  o.e.m.c.i.embedder.EclipseLogger - Copying 1 resource
2023-06-11 10:01:56,499 [Worker-7] INFO  o.e.m.c.i.embedder.EclipseLogger - Copying 0 resource
2023-06-11 10:01:56,504 [Worker-7] INFO  o.e.m.c.i.embedder.EclipseLogger - Using 'UTF-8' encoding to copy filtered resources.
2023-06-11 10:01:56,504 [Worker-7] INFO  o.e.m.c.i.embedder.EclipseLogger - Using 'UTF-8' encoding to copy filtered properties files.
2023-06-11 10:01:56,505 [Worker-7] INFO  o.e.m.c.i.embedder.EclipseLogger - skip non existing resourceDirectory C:\Users\2101842\FSE1MoviebookingApp\MovieBookingApp\MovieBookingAppBackend\MovieBookingApp\src\test\resources
2023-06-11 10:02:53,364 [Worker-7] INFO  o.e.m.c.i.embedder.EclipseLogger - Using 'UTF-8' encoding to copy filtered resources.
2023-06-11 10:02:53,364 [Worker-7] INFO  o.e.m.c.i.embedder.EclipseLogger - Using 'UTF-8' encoding to copy filtered properties files.
2023-06-11 10:02:53,368 [Worker-7] INFO  o.e.m.c.i.embedder.EclipseLogger - Copying 1 resource
2023-06-11 10:02:53,397 [Worker-7] INFO  o.e.m.c.i.embedder.EclipseLogger - Copying 0 resource
2023-06-11 10:02:53,401 [Worker-7] INFO  o.e.m.c.i.embedder.EclipseLogger - Using 'UTF-8' encoding to copy filtered resources.
2023-06-11 10:02:53,402 [Worker-7] INFO  o.e.m.c.i.embedder.EclipseLogger - Using 'UTF-8' encoding to copy filtered properties files.
2023-06-11 10:02:53,403 [Worker-7] INFO  o.e.m.c.i.embedder.EclipseLogger - skip non existing resourceDirectory C:\Users\2101842\FSE1MoviebookingApp\MovieBookingApp\MovieBookingAppBackend\MovieBookingApp\src\test\resources
2023-06-11 10:02:58,399 [Worker-13] INFO  o.e.m.c.i.embedder.EclipseLogger - Using 'UTF-8' encoding to copy filtered resources.
2023-06-11 10:02:58,399 [Worker-13] INFO  o.e.m.c.i.embedder.EclipseLogger - Using 'UTF-8' encoding to copy filtered properties files.
2023-06-11 10:02:58,402 [Worker-13] INFO  o.e.m.c.i.embedder.EclipseLogger - Copying 1 resource
2023-06-11 10:02:58,429 [Worker-13] INFO  o.e.m.c.i.embedder.EclipseLogger - Copying 0 resource
2023-06-11 10:02:58,441 [Worker-13] INFO  o.e.m.c.i.embedder.EclipseLogger - Using 'UTF-8' encoding to copy filtered resources.
2023-06-11 10:02:58,442 [Worker-13] INFO  o.e.m.c.i.embedder.EclipseLogger - Using 'UTF-8' encoding to copy filtered properties files.
2023-06-11 10:02:58,443 [Worker-13] INFO  o.e.m.c.i.embedder.EclipseLogger - skip non existing resourceDirectory C:\Users\2101842\FSE1MoviebookingApp\MovieBookingApp\MovieBookingAppBackend\MovieBookingApp\src\test\resources
2023-06-11 10:03:02,962 [Worker-16] INFO  o.e.m.c.i.embedder.EclipseLogger - Using 'UTF-8' encoding to copy filtered resources.
2023-06-11 10:03:02,963 [Worker-16] INFO  o.e.m.c.i.embedder.EclipseLogger - Using 'UTF-8' encoding to copy filtered properties files.
2023-06-11 10:03:02,968 [Worker-16] INFO  o.e.m.c.i.embedder.EclipseLogger - Copying 1 resource
2023-06-11 10:03:03,000 [Worker-16] INFO  o.e.m.c.i.embedder.EclipseLogger - Copying 0 resource
2023-06-11 10:03:03,005 [Worker-16] INFO  o.e.m.c.i.embedder.EclipseLogger - Using 'UTF-8' encoding to copy filtered resources.
2023-06-11 10:03:03,006 [Worker-16] INFO  o.e.m.c.i.embedder.EclipseLogger - Using 'UTF-8' encoding to copy filtered properties files.
2023-06-11 10:03:03,006 [Worker-16] INFO  o.e.m.c.i.embedder.EclipseLogger - skip non existing resourceDirectory C:\Users\2101842\FSE1MoviebookingApp\MovieBookingApp\MovieBookingAppBackend\UserManagement\src\test\resources
2023-06-11 10:03:07,782 [Worker-9] INFO  o.e.m.c.i.embedder.EclipseLogger - Using 'UTF-8' encoding to copy filtered resources.
2023-06-11 10:03:07,782 [Worker-9] INFO  o.e.m.c.i.embedder.EclipseLogger - Using 'UTF-8' encoding to copy filtered properties files.
2023-06-11 10:03:07,788 [Worker-9] INFO  o.e.m.c.i.embedder.EclipseLogger - Copying 1 resource
2023-06-11 10:03:07,882 [Worker-9] INFO  o.e.m.c.i.embedder.EclipseLogger - Copying 0 resource
2023-06-11 10:03:07,890 [Worker-9] INFO  o.e.m.c.i.embedder.EclipseLogger - Using 'UTF-8' encoding to copy filtered resources.
2023-06-11 10:03:07,890 [Worker-9] INFO  o.e.m.c.i.embedder.EclipseLogger - Using 'UTF-8' encoding to copy filtered properties files.
2023-06-11 10:03:07,891 [Worker-9] INFO  o.e.m.c.i.embedder.EclipseLogger - skip non existing resourceDirectory C:\Users\2101842\FSE1MoviebookingApp\MovieBookingApp\MovieBookingAppBackend\UserManagement\src\test\resources
2023-06-11 10:06:20,529 [Worker-12] INFO  o.e.m.c.i.embedder.EclipseLogger - Using 'UTF-8' encoding to copy filtered resources.
2023-06-11 10:06:20,529 [Worker-12] INFO  o.e.m.c.i.embedder.EclipseLogger - Using 'UTF-8' encoding to copy filtered properties files.
2023-06-11 10:06:20,599 [Worker-12] INFO  o.e.m.c.i.embedder.EclipseLogger - Copying 1 resource
2023-06-11 10:06:20,624 [Worker-12] INFO  o.e.m.c.i.embedder.EclipseLogger - Copying 0 resource
2023-06-11 10:06:20,628 [Worker-12] INFO  o.e.m.c.i.embedder.EclipseLogger - Using 'UTF-8' encoding to copy filtered resources.
2023-06-11 10:06:20,628 [Worker-12] INFO  o.e.m.c.i.embedder.EclipseLogger - Using 'UTF-8' encoding to copy filtered properties files.
2023-06-11 10:06:20,628 [Worker-12] INFO  o.e.m.c.i.embedder.EclipseLogger - skip non existing resourceDirectory C:\Users\2101842\FSE1MoviebookingApp\MovieBookingApp\MovieBookingAppBackend\UserManagement\src\test\resources
2023-06-11 10:06:22,397 [Worker-10] INFO  o.e.m.c.i.embedder.EclipseLogger - Using 'UTF-8' encoding to copy filtered resources.
2023-06-11 10:06:22,397 [Worker-10] INFO  o.e.m.c.i.embedder.EclipseLogger - Using 'UTF-8' encoding to copy filtered properties files.
2023-06-11 10:06:22,398 [Worker-10] INFO  o.e.m.c.i.embedder.EclipseLogger - Copying 1 resource
2023-06-11 10:06:22,419 [Worker-10] INFO  o.e.m.c.i.embedder.EclipseLogger - Copying 0 resource
2023-06-11 10:06:22,424 [Worker-10] INFO  o.e.m.c.i.embedder.EclipseLogger - Using 'UTF-8' encoding to copy filtered resources.
2023-06-11 10:06:22,425 [Worker-10] INFO  o.e.m.c.i.embedder.EclipseLogger - Using 'UTF-8' encoding to copy filtered properties files.
2023-06-11 10:06:22,425 [Worker-10] INFO  o.e.m.c.i.embedder.EclipseLogger - skip non existing resourceDirectory C:\Users\2101842\FSE1MoviebookingApp\MovieBookingApp\MovieBookingAppBackend\UserManagement\src\test\resources
2023-06-11 10:06:51,955 [Worker-7] INFO  o.e.m.c.i.embedder.EclipseLogger - Using 'UTF-8' encoding to copy filtered resources.
2023-06-11 10:06:51,956 [Worker-7] INFO  o.e.m.c.i.embedder.EclipseLogger - Using 'UTF-8' encoding to copy filtered properties files.
2023-06-11 10:06:51,957 [Worker-7] INFO  o.e.m.c.i.embedder.EclipseLogger - Copying 1 resource
2023-06-11 10:06:51,980 [Worker-7] INFO  o.e.m.c.i.embedder.EclipseLogger - Copying 0 resource
2023-06-11 10:06:51,985 [Worker-7] INFO  o.e.m.c.i.embedder.EclipseLogger - Using 'UTF-8' encoding to copy filtered resources.
2023-06-11 10:06:51,986 [Worker-7] INFO  o.e.m.c.i.embedder.EclipseLogger - Using 'UTF-8' encoding to copy filtered properties files.
2023-06-11 10:06:51,986 [Worker-7] INFO  o.e.m.c.i.embedder.EclipseLogger - skip non existing resourceDirectory C:\Users\2101842\FSE1MoviebookingApp\MovieBookingApp\MovieBookingAppBackend\MovieBookingApp\src\test\resources
2023-06-11 10:14:10,804 [Worker-11] INFO  o.e.m.c.i.embedder.EclipseLogger - Using 'UTF-8' encoding to copy filtered resources.
2023-06-11 10:14:10,816 [Worker-11] INFO  o.e.m.c.i.embedder.EclipseLogger - Using 'UTF-8' encoding to copy filtered properties files.
2023-06-11 10:14:10,828 [Worker-11] INFO  o.e.m.c.i.embedder.EclipseLogger - Copying 1 resource
2023-06-11 10:14:11,182 [Worker-11] INFO  o.e.m.c.i.embedder.EclipseLogger - Copying 0 resource
2023-06-11 10:14:11,193 [Worker-11] INFO  o.e.m.c.i.embedder.EclipseLogger - Using 'UTF-8' encoding to copy filtered resources.
2023-06-11 10:14:11,195 [Worker-11] INFO  o.e.m.c.i.embedder.EclipseLogger - Using 'UTF-8' encoding to copy filtered properties files.
2023-06-11 10:14:11,196 [Worker-11] INFO  o.e.m.c.i.embedder.EclipseLogger - skip non existing resourceDirectory C:\Users\2101842\FSE1MoviebookingApp\MovieBookingApp\MovieBookingAppBackend\MovieBookingApp\src\test\resources
2023-06-11 10:24:05,377 [Worker-16] INFO  o.e.m.c.i.embedder.EclipseLogger - Using 'UTF-8' encoding to copy filtered resources.
2023-06-11 10:24:05,378 [Worker-16] INFO  o.e.m.c.i.embedder.EclipseLogger - Using 'UTF-8' encoding to copy filtered properties files.
2023-06-11 10:24:05,380 [Worker-16] INFO  o.e.m.c.i.embedder.EclipseLogger - Copying 1 resource
2023-06-11 10:24:05,497 [Worker-16] INFO  o.e.m.c.i.embedder.EclipseLogger - Copying 0 resource
2023-06-11 10:24:05,501 [Worker-16] INFO  o.e.m.c.i.embedder.EclipseLogger - Using 'UTF-8' encoding to copy filtered resources.
2023-06-11 10:24:05,502 [Worker-16] INFO  o.e.m.c.i.embedder.EclipseLogger - Using 'UTF-8' encoding to copy filtered properties files.
2023-06-11 10:24:05,502 [Worker-16] INFO  o.e.m.c.i.embedder.EclipseLogger - skip non existing resourceDirectory C:\Users\2101842\FSE1MoviebookingApp\MovieBookingApp\MovieBookingAppBackend\MovieBookingApp\src\test\resources
2023-06-11 10:24:20,650 [Worker-16] INFO  o.e.m.c.i.embedder.EclipseLogger - Using 'UTF-8' encoding to copy filtered resources.
2023-06-11 10:24:20,650 [Worker-16] INFO  o.e.m.c.i.embedder.EclipseLogger - Using 'UTF-8' encoding to copy filtered properties files.
2023-06-11 10:24:20,650 [Worker-16] INFO  o.e.m.c.i.embedder.EclipseLogger - Copying 1 resource
2023-06-11 10:24:20,690 [Worker-16] INFO  o.e.m.c.i.embedder.EclipseLogger - Copying 0 resource
2023-06-11 10:24:20,696 [Worker-16] INFO  o.e.m.c.i.embedder.EclipseLogger - Using 'UTF-8' encoding to copy filtered resources.
2023-06-11 10:24:20,696 [Worker-16] INFO  o.e.m.c.i.embedder.EclipseLogger - Using 'UTF-8' encoding to copy filtered properties files.
2023-06-11 10:24:20,697 [Worker-16] INFO  o.e.m.c.i.embedder.EclipseLogger - skip non existing resourceDirectory C:\Users\2101842\FSE1MoviebookingApp\MovieBookingApp\MovieBookingAppBackend\UserManagement\src\test\resources
2023-06-11 10:24:31,030 [Worker-13] INFO  o.e.m.c.i.embedder.EclipseLogger - Using 'UTF-8' encoding to copy filtered resources.
2023-06-11 10:24:31,031 [Worker-13] INFO  o.e.m.c.i.embedder.EclipseLogger - Using 'UTF-8' encoding to copy filtered properties files.
2023-06-11 10:24:31,033 [Worker-13] INFO  o.e.m.c.i.embedder.EclipseLogger - Copying 1 resource
2023-06-11 10:24:31,124 [Worker-13] INFO  o.e.m.c.i.embedder.EclipseLogger - Copying 0 resource
2023-06-11 10:24:31,131 [Worker-13] INFO  o.e.m.c.i.embedder.EclipseLogger - Using 'UTF-8' encoding to copy filtered resources.
2023-06-11 10:24:31,132 [Worker-13] INFO  o.e.m.c.i.embedder.EclipseLogger - Using 'UTF-8' encoding to copy filtered properties files.
2023-06-11 10:24:31,135 [Worker-13] INFO  o.e.m.c.i.embedder.EclipseLogger - skip non existing resourceDirectory C:\Users\2101842\FSE1MoviebookingApp\MovieBookingApp\MovieBookingAppBackend\MovieBookingApp\src\test\resources
2023-06-11 10:27:42,851 [Worker-26] INFO  o.e.m.c.i.embedder.EclipseLogger - Using 'UTF-8' encoding to copy filtered resources.
2023-06-11 10:27:42,852 [Worker-26] INFO  o.e.m.c.i.embedder.EclipseLogger - Using 'UTF-8' encoding to copy filtered properties files.
2023-06-11 10:27:42,854 [Worker-26] INFO  o.e.m.c.i.embedder.EclipseLogger - Copying 1 resource
2023-06-11 10:27:42,903 [Worker-26] INFO  o.e.m.c.i.embedder.EclipseLogger - Copying 0 resource
2023-06-11 10:27:42,907 [Worker-26] INFO  o.e.m.c.i.embedder.EclipseLogger - Using 'UTF-8' encoding to copy filtered resources.
2023-06-11 10:27:42,908 [Worker-26] INFO  o.e.m.c.i.embedder.EclipseLogger - Using 'UTF-8' encoding to copy filtered properties files.
2023-06-11 10:27:42,910 [Worker-26] INFO  o.e.m.c.i.embedder.EclipseLogger - skip non existing resourceDirectory C:\Users\2101842\FSE1MoviebookingApp\MovieBookingApp\MovieBookingAppBackend\MovieBookingApp\src\test\resources
2023-06-11 10:29:00,163 [Worker-16] WARN  o.e.r.models.ModelRepository - Failed to download org.eclipse.recommenders:index::zip:0.0.0
org.eclipse.aether.resolution.ArtifactResolutionException: Could not find artifact org.eclipse.recommenders:index:zip:0.0.0-SNAPSHOT in models (http://download.eclipse.org/recommenders/models/mars/)
	at org.eclipse.aether.internal.impl.DefaultArtifactResolver.resolve(DefaultArtifactResolver.java:444) ~[na:na]
	at org.eclipse.aether.internal.impl.DefaultArtifactResolver.resolveArtifacts(DefaultArtifactResolver.java:246) ~[na:na]
	at org.eclipse.aether.internal.impl.DefaultArtifactResolver.resolveArtifact(DefaultArtifactResolver.java:223) ~[na:na]
	at org.eclipse.aether.internal.impl.DefaultRepositorySystem.resolveArtifact(DefaultRepositorySystem.java:294) ~[na:na]
	at org.eclipse.recommenders.models.ModelRepository.resolveInternal(ModelRepository.java:190) [org.eclipse.recommenders.models_2.2.0.v20150609-1848.jar:na]
	at org.eclipse.recommenders.models.ModelRepository.resolve(ModelRepository.java:172) [org.eclipse.recommenders.models_2.2.0.v20150609-1848.jar:na]
	at org.eclipse.recommenders.internal.models.rcp.EclipseModelRepository.resolve(EclipseModelRepository.java:167) [org.eclipse.recommenders.models.rcp_2.2.0.v20150609-1848.jar:na]
	at org.eclipse.recommenders.internal.models.rcp.DownloadModelArchiveJob.run(DownloadModelArchiveJob.java:76) [org.eclipse.recommenders.models.rcp_2.2.0.v20150609-1848.jar:na]
	at org.eclipse.core.internal.jobs.Worker.run(Worker.java:55) [org.eclipse.core.jobs_3.7.0.v20150330-2103.jar:na]
Caused by: org.eclipse.aether.transfer.ArtifactNotFoundException: Could not find artifact org.eclipse.recommenders:index:zip:0.0.0-SNAPSHOT in models (http://download.eclipse.org/recommenders/models/mars/)
	at org.eclipse.aether.connector.basic.ArtifactTransportListener.transferFailed(ArtifactTransportListener.java:39) ~[org.eclipse.aether.connector.basic_1.0.1.v20141111.jar:na]
	at org.eclipse.aether.connector.basic.BasicRepositoryConnector$TaskRunner.run(BasicRepositoryConnector.java:355) ~[org.eclipse.aether.connector.basic_1.0.1.v20141111.jar:na]
	at org.eclipse.aether.util.concurrency.RunnableErrorForwarder$1.run(RunnableErrorForwarder.java:67) ~[na:na]
	at org.eclipse.aether.connector.basic.BasicRepositoryConnector$DirectExecutor.execute(BasicRepositoryConnector.java:581) ~[org.eclipse.aether.connector.basic_1.0.1.v20141111.jar:na]
	at org.eclipse.aether.connector.basic.BasicRepositoryConnector.get(BasicRepositoryConnector.java:249) ~[org.eclipse.aether.connector.basic_1.0.1.v20141111.jar:na]
	at org.eclipse.aether.internal.impl.DefaultArtifactResolver.performDownloads(DefaultArtifactResolver.java:520) ~[na:na]
	at org.eclipse.aether.internal.impl.DefaultArtifactResolver.resolve(DefaultArtifactResolver.java:421) ~[na:na]
	... 8 common frames omitted
2023-06-11 10:30:56,112 [Worker-16] INFO  o.e.m.c.i.embedder.EclipseLogger - Using 'UTF-8' encoding to copy filtered resources.
2023-06-11 10:30:56,113 [Worker-16] INFO  o.e.m.c.i.embedder.EclipseLogger - Using 'UTF-8' encoding to copy filtered properties files.
2023-06-11 10:30:56,115 [Worker-16] INFO  o.e.m.c.i.embedder.EclipseLogger - Copying 1 resource
2023-06-11 10:30:56,135 [Worker-16] INFO  o.e.m.c.i.embedder.EclipseLogger - Copying 0 resource
2023-06-11 10:30:56,138 [Worker-16] INFO  o.e.m.c.i.embedder.EclipseLogger - Using 'UTF-8' encoding to copy filtered resources.
2023-06-11 10:30:56,138 [Worker-16] INFO  o.e.m.c.i.embedder.EclipseLogger - Using 'UTF-8' encoding to copy filtered properties files.
2023-06-11 10:30:56,139 [Worker-16] INFO  o.e.m.c.i.embedder.EclipseLogger - skip non existing resourceDirectory C:\Users\2101842\FSE1MoviebookingApp\MovieBookingApp\MovieBookingAppBackend\MovieBookingApp\src\test\resources
2023-06-11 10:33:27,609 [Worker-7] INFO  o.e.m.c.i.embedder.EclipseLogger - Using 'UTF-8' encoding to copy filtered resources.
2023-06-11 10:33:27,609 [Worker-7] INFO  o.e.m.c.i.embedder.EclipseLogger - Using 'UTF-8' encoding to copy filtered properties files.
2023-06-11 10:33:27,612 [Worker-7] INFO  o.e.m.c.i.embedder.EclipseLogger - Copying 1 resource
2023-06-11 10:33:27,636 [Worker-7] INFO  o.e.m.c.i.embedder.EclipseLogger - Copying 0 resource
2023-06-11 10:33:27,639 [Worker-7] INFO  o.e.m.c.i.embedder.EclipseLogger - Using 'UTF-8' encoding to copy filtered resources.
2023-06-11 10:33:27,640 [Worker-7] INFO  o.e.m.c.i.embedder.EclipseLogger - Using 'UTF-8' encoding to copy filtered properties files.
2023-06-11 10:33:27,640 [Worker-7] INFO  o.e.m.c.i.embedder.EclipseLogger - skip non existing resourceDirectory C:\Users\2101842\FSE1MoviebookingApp\MovieBookingApp\MovieBookingAppBackend\MovieBookingApp\src\test\resources
2023-06-11 15:37:14,260 [Worker-77] INFO  o.e.m.c.i.embedder.EclipseLogger - Using 'UTF-8' encoding to copy filtered resources.
2023-06-11 15:37:14,787 [Worker-77] INFO  o.e.m.c.i.embedder.EclipseLogger - Using 'UTF-8' encoding to copy filtered properties files.
2023-06-11 15:37:14,832 [Worker-77] INFO  o.e.m.c.i.embedder.EclipseLogger - Copying 1 resource
2023-06-11 15:37:15,472 [Worker-77] INFO  o.e.m.c.i.embedder.EclipseLogger - Copying 0 resource
2023-06-11 15:37:15,484 [Worker-77] INFO  o.e.m.c.i.embedder.EclipseLogger - Using 'UTF-8' encoding to copy filtered resources.
2023-06-11 15:37:15,484 [Worker-77] INFO  o.e.m.c.i.embedder.EclipseLogger - Using 'UTF-8' encoding to copy filtered properties files.
2023-06-11 15:37:15,484 [Worker-77] INFO  o.e.m.c.i.embedder.EclipseLogger - skip non existing resourceDirectory C:\Users\2101842\FSE1MoviebookingApp\MovieBookingApp\MovieBookingAppBackend\MovieBookingApp\src\test\resources
2023-06-11 19:01:48,856 [Worker-168] INFO  o.e.m.c.i.embedder.EclipseLogger - Using 'UTF-8' encoding to copy filtered resources.
2023-06-11 19:01:48,867 [Worker-168] INFO  o.e.m.c.i.embedder.EclipseLogger - Using 'UTF-8' encoding to copy filtered properties files.
2023-06-11 19:01:48,931 [Worker-168] INFO  o.e.m.c.i.embedder.EclipseLogger - Copying 1 resource
2023-06-11 19:01:49,586 [Worker-168] INFO  o.e.m.c.i.embedder.EclipseLogger - Copying 0 resource
2023-06-11 19:01:49,600 [Worker-168] INFO  o.e.m.c.i.embedder.EclipseLogger - Using 'UTF-8' encoding to copy filtered resources.
2023-06-11 19:01:49,600 [Worker-168] INFO  o.e.m.c.i.embedder.EclipseLogger - Using 'UTF-8' encoding to copy filtered properties files.
2023-06-11 19:01:49,601 [Worker-168] INFO  o.e.m.c.i.embedder.EclipseLogger - skip non existing resourceDirectory C:\Users\2101842\FSE1MoviebookingApp\MovieBookingApp\MovieBookingAppBackend\MovieBookingApp\src\test\resources
2023-06-11 19:02:37,052 [Worker-167] INFO  o.e.m.c.i.embedder.EclipseLogger - Using 'UTF-8' encoding to copy filtered resources.
2023-06-11 19:02:37,052 [Worker-167] INFO  o.e.m.c.i.embedder.EclipseLogger - Using 'UTF-8' encoding to copy filtered properties files.
2023-06-11 19:02:37,063 [Worker-167] INFO  o.e.m.c.i.embedder.EclipseLogger - Copying 1 resource
2023-06-11 19:02:37,885 [Worker-167] INFO  o.e.m.c.i.embedder.EclipseLogger - Copying 0 resource
2023-06-11 19:02:37,898 [Worker-167] INFO  o.e.m.c.i.embedder.EclipseLogger - Using 'UTF-8' encoding to copy filtered resources.
2023-06-11 19:02:37,899 [Worker-167] INFO  o.e.m.c.i.embedder.EclipseLogger - Using 'UTF-8' encoding to copy filtered properties files.
2023-06-11 19:02:37,900 [Worker-167] INFO  o.e.m.c.i.embedder.EclipseLogger - skip non existing resourceDirectory C:\Users\2101842\FSE1MoviebookingApp\MovieBookingApp\MovieBookingAppBackend\MovieBookingApp\src\test\resources
2023-06-11 19:07:10,457 [Worker-171] INFO  o.e.m.c.i.embedder.EclipseLogger - Using 'UTF-8' encoding to copy filtered resources.
2023-06-11 19:07:10,464 [Worker-171] INFO  o.e.m.c.i.embedder.EclipseLogger - Using 'UTF-8' encoding to copy filtered properties files.
2023-06-11 19:07:10,472 [Worker-171] INFO  o.e.m.c.i.embedder.EclipseLogger - Copying 1 resource
2023-06-11 19:07:11,398 [Worker-171] INFO  o.e.m.c.i.embedder.EclipseLogger - Copying 0 resource
2023-06-11 19:07:11,480 [Worker-171] INFO  o.e.m.c.i.embedder.EclipseLogger - Using 'UTF-8' encoding to copy filtered resources.
2023-06-11 19:07:11,480 [Worker-171] INFO  o.e.m.c.i.embedder.EclipseLogger - Using 'UTF-8' encoding to copy filtered properties files.
2023-06-11 19:07:11,482 [Worker-171] INFO  o.e.m.c.i.embedder.EclipseLogger - skip non existing resourceDirectory C:\Users\2101842\FSE1MoviebookingApp\MovieBookingApp\MovieBookingAppBackend\MovieBookingApp\src\test\resources
2023-06-12 10:34:17,809 [Worker-6] INFO  o.e.m.c.i.l.LifecycleMappingFactory - Using org.eclipse.m2e.jdt.JarLifecycleMapping lifecycle mapping for MavenProject: com.cognizant:MovieBookingApp:0.0.1-SNAPSHOT @ C:\Users\2101842\FSE1MoviebookingApp\MovieBookingApp\MovieBookingAppBackend\MovieBookingApp\pom.xml.
2023-06-12 10:34:22,577 [Worker-6] INFO  o.e.m.c.i.e.AbstractTransferListenerAdapter - Downloading https://repo.maven.apache.org/maven2/org/springframework/boot/spring-boot-starter-actuator/2.7.11/spring-boot-starter-actuator-2.7.11.pom
2023-06-12 10:34:22,631 [Worker-6] INFO  o.e.m.c.i.e.AbstractTransferListenerAdapter - Downloaded https://repo.maven.apache.org/maven2/org/springframework/boot/spring-boot-starter-actuator/2.7.11/spring-boot-starter-actuator-2.7.11.pom
2023-06-12 10:34:22,698 [Worker-6] INFO  o.e.m.c.i.e.AbstractTransferListenerAdapter - Downloading https://repo.maven.apache.org/maven2/org/springframework/boot/spring-boot-actuator-autoconfigure/2.7.11/spring-boot-actuator-autoconfigure-2.7.11.pom
2023-06-12 10:34:22,739 [Worker-6] INFO  o.e.m.c.i.e.AbstractTransferListenerAdapter - Downloaded https://repo.maven.apache.org/maven2/org/springframework/boot/spring-boot-actuator-autoconfigure/2.7.11/spring-boot-actuator-autoconfigure-2.7.11.pom
2023-06-12 10:34:22,790 [Worker-6] INFO  o.e.m.c.i.e.AbstractTransferListenerAdapter - Downloading https://repo.maven.apache.org/maven2/org/springframework/boot/spring-boot-actuator/2.7.11/spring-boot-actuator-2.7.11.pom
2023-06-12 10:34:22,817 [Worker-6] INFO  o.e.m.c.i.e.AbstractTransferListenerAdapter - Downloaded https://repo.maven.apache.org/maven2/org/springframework/boot/spring-boot-actuator/2.7.11/spring-boot-actuator-2.7.11.pom
2023-06-12 10:34:22,861 [Worker-6] INFO  o.e.m.c.i.e.AbstractTransferListenerAdapter - Downloading https://repo.maven.apache.org/maven2/io/micrometer/micrometer-core/1.9.10/micrometer-core-1.9.10.pom
2023-06-12 10:34:22,903 [Worker-6] INFO  o.e.m.c.i.e.AbstractTransferListenerAdapter - Downloaded https://repo.maven.apache.org/maven2/io/micrometer/micrometer-core/1.9.10/micrometer-core-1.9.10.pom
2023-06-12 10:34:22,960 [Worker-6] INFO  o.e.m.c.i.e.AbstractTransferListenerAdapter - Downloading https://repo.maven.apache.org/maven2/org/hdrhistogram/HdrHistogram/2.1.12/HdrHistogram-2.1.12.pom
2023-06-12 10:34:23,000 [Worker-6] INFO  o.e.m.c.i.e.AbstractTransferListenerAdapter - Downloaded https://repo.maven.apache.org/maven2/org/hdrhistogram/HdrHistogram/2.1.12/HdrHistogram-2.1.12.pom
2023-06-12 10:34:23,044 [Worker-6] INFO  o.e.m.c.i.e.AbstractTransferListenerAdapter - Downloading https://repo.maven.apache.org/maven2/org/latencyutils/LatencyUtils/2.0.3/LatencyUtils-2.0.3.pom
2023-06-12 10:34:23,082 [Worker-6] INFO  o.e.m.c.i.e.AbstractTransferListenerAdapter - Downloaded https://repo.maven.apache.org/maven2/org/latencyutils/LatencyUtils/2.0.3/LatencyUtils-2.0.3.pom
2023-06-12 10:34:23,125 [Worker-6] INFO  o.e.m.c.i.e.AbstractTransferListenerAdapter - Downloading https://repo.maven.apache.org/maven2/io/micrometer/micrometer-registry-prometheus/1.9.10/micrometer-registry-prometheus-1.9.10.pom
2023-06-12 10:34:23,160 [Worker-6] INFO  o.e.m.c.i.e.AbstractTransferListenerAdapter - Downloaded https://repo.maven.apache.org/maven2/io/micrometer/micrometer-registry-prometheus/1.9.10/micrometer-registry-prometheus-1.9.10.pom
2023-06-12 10:34:23,200 [Worker-6] INFO  o.e.m.c.i.e.AbstractTransferListenerAdapter - Downloading https://repo.maven.apache.org/maven2/io/prometheus/simpleclient_common/0.15.0/simpleclient_common-0.15.0.pom
2023-06-12 10:34:23,240 [Worker-6] INFO  o.e.m.c.i.e.AbstractTransferListenerAdapter - Downloaded https://repo.maven.apache.org/maven2/io/prometheus/simpleclient_common/0.15.0/simpleclient_common-0.15.0.pom
2023-06-12 10:34:23,283 [Worker-6] INFO  o.e.m.c.i.e.AbstractTransferListenerAdapter - Downloading https://repo.maven.apache.org/maven2/io/prometheus/simpleclient/0.15.0/simpleclient-0.15.0.pom
2023-06-12 10:34:23,316 [Worker-6] INFO  o.e.m.c.i.e.AbstractTransferListenerAdapter - Downloaded https://repo.maven.apache.org/maven2/io/prometheus/simpleclient/0.15.0/simpleclient-0.15.0.pom
2023-06-12 10:34:23,357 [Worker-6] INFO  o.e.m.c.i.e.AbstractTransferListenerAdapter - Downloading https://repo.maven.apache.org/maven2/io/prometheus/simpleclient_tracer_otel/0.15.0/simpleclient_tracer_otel-0.15.0.pom
2023-06-12 10:34:23,388 [Worker-6] INFO  o.e.m.c.i.e.AbstractTransferListenerAdapter - Downloaded https://repo.maven.apache.org/maven2/io/prometheus/simpleclient_tracer_otel/0.15.0/simpleclient_tracer_otel-0.15.0.pom
2023-06-12 10:34:23,430 [Worker-6] INFO  o.e.m.c.i.e.AbstractTransferListenerAdapter - Downloading https://repo.maven.apache.org/maven2/io/prometheus/simpleclient_tracer/0.15.0/simpleclient_tracer-0.15.0.pom
2023-06-12 10:34:23,461 [Worker-6] INFO  o.e.m.c.i.e.AbstractTransferListenerAdapter - Downloaded https://repo.maven.apache.org/maven2/io/prometheus/simpleclient_tracer/0.15.0/simpleclient_tracer-0.15.0.pom
2023-06-12 10:34:23,523 [Worker-6] INFO  o.e.m.c.i.e.AbstractTransferListenerAdapter - Downloading https://repo.maven.apache.org/maven2/io/prometheus/simpleclient_tracer_common/0.15.0/simpleclient_tracer_common-0.15.0.pom
2023-06-12 10:34:23,559 [Worker-6] INFO  o.e.m.c.i.e.AbstractTransferListenerAdapter - Downloaded https://repo.maven.apache.org/maven2/io/prometheus/simpleclient_tracer_common/0.15.0/simpleclient_tracer_common-0.15.0.pom
2023-06-12 10:34:23,610 [Worker-6] INFO  o.e.m.c.i.e.AbstractTransferListenerAdapter - Downloading https://repo.maven.apache.org/maven2/io/prometheus/simpleclient_tracer_otel_agent/0.15.0/simpleclient_tracer_otel_agent-0.15.0.pom
2023-06-12 10:34:23,652 [Worker-6] INFO  o.e.m.c.i.e.AbstractTransferListenerAdapter - Downloaded https://repo.maven.apache.org/maven2/io/prometheus/simpleclient_tracer_otel_agent/0.15.0/simpleclient_tracer_otel_agent-0.15.0.pom
2023-06-12 10:34:24,968 [Worker-6] INFO  o.e.m.c.i.e.AbstractTransferListenerAdapter - Downloading https://repo.maven.apache.org/maven2/org/springframework/boot/spring-boot-starter-actuator/2.7.11/spring-boot-starter-actuator-2.7.11.jar
2023-06-12 10:34:25,010 [Worker-6] INFO  o.e.m.c.i.e.AbstractTransferListenerAdapter - Downloaded https://repo.maven.apache.org/maven2/org/springframework/boot/spring-boot-starter-actuator/2.7.11/spring-boot-starter-actuator-2.7.11.jar
2023-06-12 10:34:25,033 [Worker-6] INFO  o.e.m.c.i.e.AbstractTransferListenerAdapter - Downloading https://repo.maven.apache.org/maven2/org/springframework/boot/spring-boot-actuator-autoconfigure/2.7.11/spring-boot-actuator-autoconfigure-2.7.11.jar
2023-06-12 10:34:25,253 [Worker-6] INFO  o.e.m.c.i.e.AbstractTransferListenerAdapter - Downloaded https://repo.maven.apache.org/maven2/org/springframework/boot/spring-boot-actuator-autoconfigure/2.7.11/spring-boot-actuator-autoconfigure-2.7.11.jar
2023-06-12 10:34:25,277 [Worker-6] INFO  o.e.m.c.i.e.AbstractTransferListenerAdapter - Downloading https://repo.maven.apache.org/maven2/org/springframework/boot/spring-boot-actuator/2.7.11/spring-boot-actuator-2.7.11.jar
2023-06-12 10:34:25,465 [Worker-6] INFO  o.e.m.c.i.e.AbstractTransferListenerAdapter - Downloaded https://repo.maven.apache.org/maven2/org/springframework/boot/spring-boot-actuator/2.7.11/spring-boot-actuator-2.7.11.jar
2023-06-12 10:34:25,492 [Worker-6] INFO  o.e.m.c.i.e.AbstractTransferListenerAdapter - Downloading https://repo.maven.apache.org/maven2/io/micrometer/micrometer-core/1.9.10/micrometer-core-1.9.10.jar
2023-06-12 10:34:25,681 [Worker-6] INFO  o.e.m.c.i.e.AbstractTransferListenerAdapter - Downloaded https://repo.maven.apache.org/maven2/io/micrometer/micrometer-core/1.9.10/micrometer-core-1.9.10.jar
2023-06-12 10:34:25,703 [Worker-6] INFO  o.e.m.c.i.e.AbstractTransferListenerAdapter - Downloading https://repo.maven.apache.org/maven2/org/hdrhistogram/HdrHistogram/2.1.12/HdrHistogram-2.1.12.jar
2023-06-12 10:34:25,781 [Worker-6] INFO  o.e.m.c.i.e.AbstractTransferListenerAdapter - Downloaded https://repo.maven.apache.org/maven2/org/hdrhistogram/HdrHistogram/2.1.12/HdrHistogram-2.1.12.jar
2023-06-12 10:34:25,803 [Worker-6] INFO  o.e.m.c.i.e.AbstractTransferListenerAdapter - Downloading https://repo.maven.apache.org/maven2/org/latencyutils/LatencyUtils/2.0.3/LatencyUtils-2.0.3.jar
2023-06-12 10:34:25,837 [Worker-6] INFO  o.e.m.c.i.e.AbstractTransferListenerAdapter - Downloaded https://repo.maven.apache.org/maven2/org/latencyutils/LatencyUtils/2.0.3/LatencyUtils-2.0.3.jar
2023-06-12 10:34:25,861 [Worker-6] INFO  o.e.m.c.i.e.AbstractTransferListenerAdapter - Downloading https://repo.maven.apache.org/maven2/io/micrometer/micrometer-registry-prometheus/1.9.10/micrometer-registry-prometheus-1.9.10.jar
2023-06-12 10:34:25,919 [Worker-6] INFO  o.e.m.c.i.e.AbstractTransferListenerAdapter - Downloaded https://repo.maven.apache.org/maven2/io/micrometer/micrometer-registry-prometheus/1.9.10/micrometer-registry-prometheus-1.9.10.jar
2023-06-12 10:34:25,943 [Worker-6] INFO  o.e.m.c.i.e.AbstractTransferListenerAdapter - Downloading https://repo.maven.apache.org/maven2/io/prometheus/simpleclient_common/0.15.0/simpleclient_common-0.15.0.jar
2023-06-12 10:34:26,070 [Worker-6] INFO  o.e.m.c.i.e.AbstractTransferListenerAdapter - Downloaded https://repo.maven.apache.org/maven2/io/prometheus/simpleclient_common/0.15.0/simpleclient_common-0.15.0.jar
2023-06-12 10:34:26,091 [Worker-6] INFO  o.e.m.c.i.e.AbstractTransferListenerAdapter - Downloading https://repo.maven.apache.org/maven2/io/prometheus/simpleclient/0.15.0/simpleclient-0.15.0.jar
2023-06-12 10:34:26,151 [Worker-6] INFO  o.e.m.c.i.e.AbstractTransferListenerAdapter - Downloaded https://repo.maven.apache.org/maven2/io/prometheus/simpleclient/0.15.0/simpleclient-0.15.0.jar
2023-06-12 10:34:26,266 [Worker-6] INFO  o.e.m.c.i.e.AbstractTransferListenerAdapter - Downloading https://repo.maven.apache.org/maven2/io/prometheus/simpleclient_tracer_otel/0.15.0/simpleclient_tracer_otel-0.15.0.jar
2023-06-12 10:34:26,311 [Worker-6] INFO  o.e.m.c.i.e.AbstractTransferListenerAdapter - Downloaded https://repo.maven.apache.org/maven2/io/prometheus/simpleclient_tracer_otel/0.15.0/simpleclient_tracer_otel-0.15.0.jar
2023-06-12 10:34:26,373 [Worker-6] INFO  o.e.m.c.i.e.AbstractTransferListenerAdapter - Downloading https://repo.maven.apache.org/maven2/io/prometheus/simpleclient_tracer_common/0.15.0/simpleclient_tracer_common-0.15.0.jar
2023-06-12 10:34:26,403 [Worker-6] INFO  o.e.m.c.i.e.AbstractTransferListenerAdapter - Downloaded https://repo.maven.apache.org/maven2/io/prometheus/simpleclient_tracer_common/0.15.0/simpleclient_tracer_common-0.15.0.jar
2023-06-12 10:34:26,430 [Worker-6] INFO  o.e.m.c.i.e.AbstractTransferListenerAdapter - Downloading https://repo.maven.apache.org/maven2/io/prometheus/simpleclient_tracer_otel_agent/0.15.0/simpleclient_tracer_otel_agent-0.15.0.jar
2023-06-12 10:34:26,580 [Worker-6] INFO  o.e.m.c.i.e.AbstractTransferListenerAdapter - Downloaded https://repo.maven.apache.org/maven2/io/prometheus/simpleclient_tracer_otel_agent/0.15.0/simpleclient_tracer_otel_agent-0.15.0.jar
2023-06-12 10:34:39,768 [Worker-6] INFO  o.e.m.c.i.embedder.EclipseLogger - Using 'UTF-8' encoding to copy filtered resources.
2023-06-12 10:34:39,770 [Worker-6] INFO  o.e.m.c.i.embedder.EclipseLogger - Using 'UTF-8' encoding to copy filtered properties files.
2023-06-12 10:34:39,792 [Worker-6] INFO  o.e.m.c.i.embedder.EclipseLogger - Copying 1 resource
2023-06-12 10:34:39,896 [Worker-6] INFO  o.e.m.c.i.embedder.EclipseLogger - Copying 0 resource
2023-06-12 10:34:39,904 [Worker-6] INFO  o.e.m.c.i.embedder.EclipseLogger - Using 'UTF-8' encoding to copy filtered resources.
2023-06-12 10:34:39,906 [Worker-6] INFO  o.e.m.c.i.embedder.EclipseLogger - Using 'UTF-8' encoding to copy filtered properties files.
2023-06-12 10:34:39,908 [Worker-6] INFO  o.e.m.c.i.embedder.EclipseLogger - skip non existing resourceDirectory C:\Users\2101842\FSE1MoviebookingApp\MovieBookingApp\MovieBookingAppBackend\MovieBookingApp\src\test\resources
2023-06-12 10:34:55,600 [Worker-0] INFO  o.e.m.c.i.embedder.EclipseLogger - Using 'UTF-8' encoding to copy filtered resources.
2023-06-12 10:34:55,602 [Worker-0] INFO  o.e.m.c.i.embedder.EclipseLogger - Using 'UTF-8' encoding to copy filtered properties files.
2023-06-12 10:34:55,611 [Worker-0] INFO  o.e.m.c.i.embedder.EclipseLogger - Copying 1 resource
2023-06-12 10:34:55,675 [Worker-0] INFO  o.e.m.c.i.embedder.EclipseLogger - Copying 0 resource
2023-06-12 10:34:55,680 [Worker-0] INFO  o.e.m.c.i.embedder.EclipseLogger - Using 'UTF-8' encoding to copy filtered resources.
2023-06-12 10:34:55,680 [Worker-0] INFO  o.e.m.c.i.embedder.EclipseLogger - Using 'UTF-8' encoding to copy filtered properties files.
2023-06-12 10:34:55,681 [Worker-0] INFO  o.e.m.c.i.embedder.EclipseLogger - skip non existing resourceDirectory C:\Users\2101842\FSE1MoviebookingApp\MovieBookingApp\MovieBookingAppBackend\MovieBookingApp\src\test\resources
2023-06-12 10:35:56,982 [Worker-5] INFO  o.e.m.c.i.embedder.EclipseLogger - Using 'UTF-8' encoding to copy filtered resources.
2023-06-12 10:35:56,982 [Worker-5] INFO  o.e.m.c.i.embedder.EclipseLogger - Using 'UTF-8' encoding to copy filtered properties files.
2023-06-12 10:35:56,986 [Worker-5] INFO  o.e.m.c.i.embedder.EclipseLogger - Copying 1 resource
2023-06-12 10:35:57,016 [Worker-5] INFO  o.e.m.c.i.embedder.EclipseLogger - Copying 0 resource
2023-06-12 10:35:57,021 [Worker-5] INFO  o.e.m.c.i.embedder.EclipseLogger - Using 'UTF-8' encoding to copy filtered resources.
2023-06-12 10:35:57,021 [Worker-5] INFO  o.e.m.c.i.embedder.EclipseLogger - Using 'UTF-8' encoding to copy filtered properties files.
2023-06-12 10:35:57,021 [Worker-5] INFO  o.e.m.c.i.embedder.EclipseLogger - skip non existing resourceDirectory C:\Users\2101842\FSE1MoviebookingApp\MovieBookingApp\MovieBookingAppBackend\MovieBookingApp\src\test\resources
2023-06-12 10:38:25,358 [Worker-3] INFO  o.e.m.c.i.embedder.EclipseLogger - Using 'UTF-8' encoding to copy filtered resources.
2023-06-12 10:38:25,359 [Worker-3] INFO  o.e.m.c.i.embedder.EclipseLogger - Using 'UTF-8' encoding to copy filtered properties files.
2023-06-12 10:38:25,361 [Worker-3] INFO  o.e.m.c.i.embedder.EclipseLogger - Copying 0 resource
2023-06-12 10:38:25,363 [Worker-3] INFO  o.e.m.c.i.embedder.EclipseLogger - Copying 1 resource
2023-06-12 10:38:25,381 [Worker-3] INFO  o.e.m.c.i.embedder.EclipseLogger - Using 'UTF-8' encoding to copy filtered resources.
2023-06-12 10:38:25,381 [Worker-3] INFO  o.e.m.c.i.embedder.EclipseLogger - Using 'UTF-8' encoding to copy filtered properties files.
2023-06-12 10:38:25,381 [Worker-3] INFO  o.e.m.c.i.embedder.EclipseLogger - skip non existing resourceDirectory C:\Users\2101842\FSE1MoviebookingApp\MovieBookingApp\MovieBookingAppBackend\MovieBookingApp\src\test\resources
2023-06-12 10:38:49,222 [Worker-10] INFO  o.e.m.c.i.embedder.EclipseLogger - Using 'UTF-8' encoding to copy filtered resources.
2023-06-12 10:38:49,223 [Worker-10] INFO  o.e.m.c.i.embedder.EclipseLogger - Using 'UTF-8' encoding to copy filtered properties files.
2023-06-12 10:38:49,226 [Worker-10] INFO  o.e.m.c.i.embedder.EclipseLogger - Copying 0 resource
2023-06-12 10:38:49,229 [Worker-10] INFO  o.e.m.c.i.embedder.EclipseLogger - Copying 1 resource
2023-06-12 10:38:49,250 [Worker-10] INFO  o.e.m.c.i.embedder.EclipseLogger - Using 'UTF-8' encoding to copy filtered resources.
2023-06-12 10:38:49,253 [Worker-10] INFO  o.e.m.c.i.embedder.EclipseLogger - Using 'UTF-8' encoding to copy filtered properties files.
2023-06-12 10:38:49,253 [Worker-10] INFO  o.e.m.c.i.embedder.EclipseLogger - skip non existing resourceDirectory C:\Users\2101842\FSE1MoviebookingApp\MovieBookingApp\MovieBookingAppBackend\MovieBookingApp\src\test\resources
2023-06-12 10:39:29,440 [Worker-19] INFO  o.e.m.c.i.embedder.EclipseLogger - Using 'UTF-8' encoding to copy filtered resources.
2023-06-12 10:39:29,442 [Worker-19] INFO  o.e.m.c.i.embedder.EclipseLogger - Using 'UTF-8' encoding to copy filtered properties files.
2023-06-12 10:39:29,444 [Worker-19] INFO  o.e.m.c.i.embedder.EclipseLogger - Copying 0 resource
2023-06-12 10:39:29,446 [Worker-19] INFO  o.e.m.c.i.embedder.EclipseLogger - Copying 1 resource
2023-06-12 10:39:29,465 [Worker-19] INFO  o.e.m.c.i.embedder.EclipseLogger - Using 'UTF-8' encoding to copy filtered resources.
2023-06-12 10:39:29,466 [Worker-19] INFO  o.e.m.c.i.embedder.EclipseLogger - Using 'UTF-8' encoding to copy filtered properties files.
2023-06-12 10:39:29,467 [Worker-19] INFO  o.e.m.c.i.embedder.EclipseLogger - skip non existing resourceDirectory C:\Users\2101842\FSE1MoviebookingApp\MovieBookingApp\MovieBookingAppBackend\MovieBookingApp\src\test\resources
2023-06-12 10:41:27,894 [Worker-19] INFO  o.e.m.c.i.embedder.EclipseLogger - Using 'UTF-8' encoding to copy filtered resources.
2023-06-12 10:41:27,894 [Worker-19] INFO  o.e.m.c.i.embedder.EclipseLogger - Using 'UTF-8' encoding to copy filtered properties files.
2023-06-12 10:41:27,895 [Worker-19] INFO  o.e.m.c.i.embedder.EclipseLogger - Copying 0 resource
2023-06-12 10:41:27,896 [Worker-19] INFO  o.e.m.c.i.embedder.EclipseLogger - Copying 1 resource
2023-06-12 10:41:27,912 [Worker-19] INFO  o.e.m.c.i.embedder.EclipseLogger - Using 'UTF-8' encoding to copy filtered resources.
2023-06-12 10:41:27,914 [Worker-19] INFO  o.e.m.c.i.embedder.EclipseLogger - Using 'UTF-8' encoding to copy filtered properties files.
2023-06-12 10:41:27,914 [Worker-19] INFO  o.e.m.c.i.embedder.EclipseLogger - skip non existing resourceDirectory C:\Users\2101842\FSE1MoviebookingApp\MovieBookingApp\MovieBookingAppBackend\MovieBookingApp\src\test\resources
2023-06-12 10:41:53,160 [Worker-3] INFO  o.e.m.c.i.embedder.EclipseLogger - Using 'UTF-8' encoding to copy filtered resources.
2023-06-12 10:41:53,160 [Worker-3] INFO  o.e.m.c.i.embedder.EclipseLogger - Using 'UTF-8' encoding to copy filtered properties files.
2023-06-12 10:41:53,161 [Worker-3] INFO  o.e.m.c.i.embedder.EclipseLogger - Copying 1 resource
2023-06-12 10:41:53,192 [Worker-3] INFO  o.e.m.c.i.embedder.EclipseLogger - Copying 0 resource
2023-06-12 10:41:53,204 [Worker-3] INFO  o.e.m.c.i.embedder.EclipseLogger - Using 'UTF-8' encoding to copy filtered resources.
2023-06-12 10:41:53,204 [Worker-3] INFO  o.e.m.c.i.embedder.EclipseLogger - Using 'UTF-8' encoding to copy filtered properties files.
2023-06-12 10:41:53,205 [Worker-3] INFO  o.e.m.c.i.embedder.EclipseLogger - skip non existing resourceDirectory C:\Users\2101842\FSE1MoviebookingApp\MovieBookingApp\MovieBookingAppBackend\MovieBookingApp\src\test\resources
2023-06-12 10:42:18,341 [Worker-5] INFO  o.e.m.c.i.embedder.EclipseLogger - Using 'UTF-8' encoding to copy filtered resources.
2023-06-12 10:42:18,342 [Worker-5] INFO  o.e.m.c.i.embedder.EclipseLogger - Using 'UTF-8' encoding to copy filtered properties files.
2023-06-12 10:42:18,344 [Worker-5] INFO  o.e.m.c.i.embedder.EclipseLogger - Copying 0 resource
2023-06-12 10:42:18,347 [Worker-5] INFO  o.e.m.c.i.embedder.EclipseLogger - Copying 1 resource
2023-06-12 10:42:18,369 [Worker-5] INFO  o.e.m.c.i.embedder.EclipseLogger - Using 'UTF-8' encoding to copy filtered resources.
2023-06-12 10:42:18,371 [Worker-5] INFO  o.e.m.c.i.embedder.EclipseLogger - Using 'UTF-8' encoding to copy filtered properties files.
2023-06-12 10:42:18,372 [Worker-5] INFO  o.e.m.c.i.embedder.EclipseLogger - skip non existing resourceDirectory C:\Users\2101842\FSE1MoviebookingApp\MovieBookingApp\MovieBookingAppBackend\MovieBookingApp\src\test\resources
2023-06-12 10:43:06,858 [Worker-18] INFO  o.e.m.c.i.p.ProjectConfigurationManager - Update started
2023-06-12 10:43:13,004 [Worker-18] INFO  o.e.m.c.i.l.LifecycleMappingFactory - Using org.eclipse.m2e.jdt.JarLifecycleMapping lifecycle mapping for MavenProject: com.cognizant:MovieBookingApp:0.0.1-SNAPSHOT @ C:\Users\2101842\FSE1MoviebookingApp\MovieBookingApp\MovieBookingAppBackend\MovieBookingApp\pom.xml.
2023-06-12 10:43:23,085 [Worker-18] INFO  o.e.m.j.i.AbstractJavaProjectConfigurator - Adding source folder /MovieBookingApp/src/main/java
2023-06-12 10:43:23,087 [Worker-18] INFO  o.e.m.j.i.AbstractJavaProjectConfigurator - Adding resource folder /MovieBookingApp/src/main/resources
2023-06-12 10:43:23,088 [Worker-18] INFO  o.e.m.j.i.AbstractJavaProjectConfigurator - Adding resource folder /MovieBookingApp/src/main/resources
2023-06-12 10:43:23,091 [Worker-18] INFO  o.e.m.j.i.AbstractJavaProjectConfigurator - Adding source folder /MovieBookingApp/src/test/java
2023-06-12 10:43:25,058 [Worker-18] INFO  o.e.m.c.i.p.ProjectConfigurationManager - Update completed: 18 sec
2023-06-12 10:43:30,917 [Worker-20] INFO  o.e.m.c.i.embedder.EclipseLogger - Using 'UTF-8' encoding to copy filtered resources.
2023-06-12 10:43:30,918 [Worker-20] INFO  o.e.m.c.i.embedder.EclipseLogger - Using 'UTF-8' encoding to copy filtered properties files.
2023-06-12 10:43:30,921 [Worker-20] INFO  o.e.m.c.i.embedder.EclipseLogger - Copying 1 resource
2023-06-12 10:43:30,967 [Worker-20] INFO  o.e.m.c.i.embedder.EclipseLogger - Copying 1 resource
2023-06-12 10:43:30,989 [Worker-20] INFO  o.e.m.c.i.embedder.EclipseLogger - Using 'UTF-8' encoding to copy filtered resources.
2023-06-12 10:43:30,989 [Worker-20] INFO  o.e.m.c.i.embedder.EclipseLogger - Using 'UTF-8' encoding to copy filtered properties files.
2023-06-12 10:43:30,990 [Worker-20] INFO  o.e.m.c.i.embedder.EclipseLogger - skip non existing resourceDirectory C:\Users\2101842\FSE1MoviebookingApp\MovieBookingApp\MovieBookingAppBackend\MovieBookingApp\src\test\resources
2023-06-12 10:50:48,050 [Worker-25] INFO  o.e.m.c.i.l.LifecycleMappingFactory - Using org.eclipse.m2e.jdt.JarLifecycleMapping lifecycle mapping for MavenProject: com.cognizant:MovieBookingApp:0.0.1-SNAPSHOT @ C:\Users\2101842\FSE1MoviebookingApp\MovieBookingApp\MovieBookingAppBackend\MovieBookingApp\pom.xml.
2023-06-12 10:50:51,275 [Worker-25] INFO  o.e.m.c.i.e.AbstractTransferListenerAdapter - Downloading https://repo.maven.apache.org/maven2/io/micrometer/micrometer-registry-prometheus/1.10.5/micrometer-registry-prometheus-1.10.5.pom
2023-06-12 10:50:51,313 [Worker-25] INFO  o.e.m.c.i.e.AbstractTransferListenerAdapter - Downloaded https://repo.maven.apache.org/maven2/io/micrometer/micrometer-registry-prometheus/1.10.5/micrometer-registry-prometheus-1.10.5.pom
2023-06-12 10:50:52,588 [Worker-25] INFO  o.e.m.c.i.e.AbstractTransferListenerAdapter - Downloading https://repo.maven.apache.org/maven2/io/micrometer/micrometer-registry-prometheus/1.10.5/micrometer-registry-prometheus-1.10.5.jar
2023-06-12 10:50:52,634 [Worker-25] INFO  o.e.m.c.i.e.AbstractTransferListenerAdapter - Downloaded https://repo.maven.apache.org/maven2/io/micrometer/micrometer-registry-prometheus/1.10.5/micrometer-registry-prometheus-1.10.5.jar
2023-06-12 10:51:00,208 [Worker-25] INFO  o.e.m.c.i.embedder.EclipseLogger - Using 'UTF-8' encoding to copy filtered resources.
2023-06-12 10:51:00,209 [Worker-25] INFO  o.e.m.c.i.embedder.EclipseLogger - Using 'UTF-8' encoding to copy filtered properties files.
2023-06-12 10:51:00,218 [Worker-25] INFO  o.e.m.c.i.embedder.EclipseLogger - Copying 0 resource
2023-06-12 10:51:00,219 [Worker-25] INFO  o.e.m.c.i.embedder.EclipseLogger - Copying 0 resource
2023-06-12 10:51:00,226 [Worker-25] INFO  o.e.m.c.i.embedder.EclipseLogger - Using 'UTF-8' encoding to copy filtered resources.
2023-06-12 10:51:00,227 [Worker-25] INFO  o.e.m.c.i.embedder.EclipseLogger - Using 'UTF-8' encoding to copy filtered properties files.
2023-06-12 10:51:00,228 [Worker-25] INFO  o.e.m.c.i.embedder.EclipseLogger - skip non existing resourceDirectory C:\Users\2101842\FSE1MoviebookingApp\MovieBookingApp\MovieBookingAppBackend\MovieBookingApp\src\test\resources
2023-06-12 10:51:09,513 [Worker-24] INFO  o.e.m.c.i.embedder.EclipseLogger - Using 'UTF-8' encoding to copy filtered resources.
2023-06-12 10:51:09,513 [Worker-24] INFO  o.e.m.c.i.embedder.EclipseLogger - Using 'UTF-8' encoding to copy filtered properties files.
2023-06-12 10:51:09,520 [Worker-24] INFO  o.e.m.c.i.embedder.EclipseLogger - Copying 1 resource
2023-06-12 10:51:09,599 [Worker-24] INFO  o.e.m.c.i.embedder.EclipseLogger - Copying 1 resource
2023-06-12 10:51:09,620 [Worker-24] INFO  o.e.m.c.i.embedder.EclipseLogger - Using 'UTF-8' encoding to copy filtered resources.
2023-06-12 10:51:09,620 [Worker-24] INFO  o.e.m.c.i.embedder.EclipseLogger - Using 'UTF-8' encoding to copy filtered properties files.
2023-06-12 10:51:09,622 [Worker-24] INFO  o.e.m.c.i.embedder.EclipseLogger - skip non existing resourceDirectory C:\Users\2101842\FSE1MoviebookingApp\MovieBookingApp\MovieBookingAppBackend\MovieBookingApp\src\test\resources
2023-06-12 10:53:30,294 [Worker-29] INFO  o.e.m.c.i.embedder.EclipseLogger - Using 'UTF-8' encoding to copy filtered resources.
2023-06-12 10:53:30,296 [Worker-29] INFO  o.e.m.c.i.embedder.EclipseLogger - Using 'UTF-8' encoding to copy filtered properties files.
2023-06-12 10:53:30,297 [Worker-29] INFO  o.e.m.c.i.embedder.EclipseLogger - Copying 0 resource
2023-06-12 10:53:30,299 [Worker-29] INFO  o.e.m.c.i.embedder.EclipseLogger - Copying 1 resource
2023-06-12 10:53:30,314 [Worker-29] INFO  o.e.m.c.i.embedder.EclipseLogger - Using 'UTF-8' encoding to copy filtered resources.
2023-06-12 10:53:30,314 [Worker-29] INFO  o.e.m.c.i.embedder.EclipseLogger - Using 'UTF-8' encoding to copy filtered properties files.
2023-06-12 10:53:30,315 [Worker-29] INFO  o.e.m.c.i.embedder.EclipseLogger - skip non existing resourceDirectory C:\Users\2101842\FSE1MoviebookingApp\MovieBookingApp\MovieBookingAppBackend\MovieBookingApp\src\test\resources
2023-06-12 10:53:39,975 [Worker-24] INFO  o.e.m.c.i.embedder.EclipseLogger - Using 'UTF-8' encoding to copy filtered resources.
2023-06-12 10:53:39,976 [Worker-24] INFO  o.e.m.c.i.embedder.EclipseLogger - Using 'UTF-8' encoding to copy filtered properties files.
2023-06-12 10:53:39,977 [Worker-24] INFO  o.e.m.c.i.embedder.EclipseLogger - Copying 1 resource
2023-06-12 10:53:40,000 [Worker-24] INFO  o.e.m.c.i.embedder.EclipseLogger - Copying 0 resource
2023-06-12 10:53:40,003 [Worker-24] INFO  o.e.m.c.i.embedder.EclipseLogger - Using 'UTF-8' encoding to copy filtered resources.
2023-06-12 10:53:40,003 [Worker-24] INFO  o.e.m.c.i.embedder.EclipseLogger - Using 'UTF-8' encoding to copy filtered properties files.
2023-06-12 10:53:40,004 [Worker-24] INFO  o.e.m.c.i.embedder.EclipseLogger - skip non existing resourceDirectory C:\Users\2101842\FSE1MoviebookingApp\MovieBookingApp\MovieBookingAppBackend\MovieBookingApp\src\test\resources
2023-06-12 10:54:24,273 [Worker-26] INFO  o.e.m.c.i.p.ProjectConfigurationManager - Update started
2023-06-12 10:54:28,721 [Worker-26] INFO  o.e.m.c.i.l.LifecycleMappingFactory - Using org.eclipse.m2e.jdt.JarLifecycleMapping lifecycle mapping for MavenProject: com.cognizant:MovieBookingApp:0.0.1-SNAPSHOT @ C:\Users\2101842\FSE1MoviebookingApp\MovieBookingApp\MovieBookingAppBackend\MovieBookingApp\pom.xml.
2023-06-12 10:54:40,196 [Worker-26] INFO  o.e.m.j.i.AbstractJavaProjectConfigurator - Adding source folder /MovieBookingApp/src/main/java
2023-06-12 10:54:40,197 [Worker-26] INFO  o.e.m.j.i.AbstractJavaProjectConfigurator - Adding resource folder /MovieBookingApp/src/main/resources
2023-06-12 10:54:40,199 [Worker-26] INFO  o.e.m.j.i.AbstractJavaProjectConfigurator - Adding resource folder /MovieBookingApp/src/main/resources
2023-06-12 10:54:40,201 [Worker-26] INFO  o.e.m.j.i.AbstractJavaProjectConfigurator - Adding source folder /MovieBookingApp/src/test/java
2023-06-12 10:54:42,018 [Worker-26] INFO  o.e.m.c.i.p.ProjectConfigurationManager - Update completed: 17 sec
2023-06-12 10:54:48,517 [Worker-11] INFO  o.e.m.c.i.embedder.EclipseLogger - Using 'UTF-8' encoding to copy filtered resources.
2023-06-12 10:54:48,518 [Worker-11] INFO  o.e.m.c.i.embedder.EclipseLogger - Using 'UTF-8' encoding to copy filtered properties files.
2023-06-12 10:54:48,520 [Worker-11] INFO  o.e.m.c.i.embedder.EclipseLogger - Copying 1 resource
2023-06-12 10:54:48,573 [Worker-11] INFO  o.e.m.c.i.embedder.EclipseLogger - Copying 1 resource
2023-06-12 10:54:48,591 [Worker-11] INFO  o.e.m.c.i.embedder.EclipseLogger - Using 'UTF-8' encoding to copy filtered resources.
2023-06-12 10:54:48,592 [Worker-11] INFO  o.e.m.c.i.embedder.EclipseLogger - Using 'UTF-8' encoding to copy filtered properties files.
2023-06-12 10:54:48,592 [Worker-11] INFO  o.e.m.c.i.embedder.EclipseLogger - skip non existing resourceDirectory C:\Users\2101842\FSE1MoviebookingApp\MovieBookingApp\MovieBookingAppBackend\MovieBookingApp\src\test\resources
2023-06-12 11:09:47,914 [Worker-35] INFO  o.e.m.c.i.embedder.EclipseLogger - Using 'UTF-8' encoding to copy filtered resources.
2023-06-12 11:09:47,924 [Worker-35] INFO  o.e.m.c.i.embedder.EclipseLogger - Using 'UTF-8' encoding to copy filtered properties files.
2023-06-12 11:09:47,978 [Worker-35] INFO  o.e.m.c.i.embedder.EclipseLogger - Copying 0 resource
2023-06-12 11:09:47,982 [Worker-35] INFO  o.e.m.c.i.embedder.EclipseLogger - Copying 1 resource
2023-06-12 11:09:48,024 [Worker-35] INFO  o.e.m.c.i.embedder.EclipseLogger - Using 'UTF-8' encoding to copy filtered resources.
2023-06-12 11:09:48,025 [Worker-35] INFO  o.e.m.c.i.embedder.EclipseLogger - Using 'UTF-8' encoding to copy filtered properties files.
2023-06-12 11:09:48,025 [Worker-35] INFO  o.e.m.c.i.embedder.EclipseLogger - skip non existing resourceDirectory C:\Users\2101842\FSE1MoviebookingApp\MovieBookingApp\MovieBookingAppBackend\MovieBookingApp\src\test\resources
2023-06-12 11:11:31,632 [Worker-35] INFO  o.e.m.c.i.embedder.EclipseLogger - Using 'UTF-8' encoding to copy filtered resources.
2023-06-12 11:11:31,632 [Worker-35] INFO  o.e.m.c.i.embedder.EclipseLogger - Using 'UTF-8' encoding to copy filtered properties files.
2023-06-12 11:11:31,635 [Worker-35] INFO  o.e.m.c.i.embedder.EclipseLogger - Copying 0 resource
2023-06-12 11:11:31,639 [Worker-35] INFO  o.e.m.c.i.embedder.EclipseLogger - Copying 1 resource
2023-06-12 11:11:31,667 [Worker-35] INFO  o.e.m.c.i.embedder.EclipseLogger - Using 'UTF-8' encoding to copy filtered resources.
2023-06-12 11:11:31,668 [Worker-35] INFO  o.e.m.c.i.embedder.EclipseLogger - Using 'UTF-8' encoding to copy filtered properties files.
2023-06-12 11:11:31,669 [Worker-35] INFO  o.e.m.c.i.embedder.EclipseLogger - skip non existing resourceDirectory C:\Users\2101842\FSE1MoviebookingApp\MovieBookingApp\MovieBookingAppBackend\MovieBookingApp\src\test\resources
2023-06-12 12:47:29,077 [Worker-65] INFO  o.e.m.c.i.embedder.EclipseLogger - Using 'UTF-8' encoding to copy filtered resources.
2023-06-12 12:47:29,079 [Worker-65] INFO  o.e.m.c.i.embedder.EclipseLogger - Using 'UTF-8' encoding to copy filtered properties files.
2023-06-12 12:47:29,082 [Worker-65] INFO  o.e.m.c.i.embedder.EclipseLogger - Copying 1 resource
2023-06-12 12:47:29,124 [Worker-65] INFO  o.e.m.c.i.embedder.EclipseLogger - Copying 1 resource
2023-06-12 12:47:29,128 [Worker-65] INFO  o.e.m.c.i.embedder.EclipseLogger - Using 'UTF-8' encoding to copy filtered resources.
2023-06-12 12:47:29,129 [Worker-65] INFO  o.e.m.c.i.embedder.EclipseLogger - Using 'UTF-8' encoding to copy filtered properties files.
2023-06-12 12:47:29,129 [Worker-65] INFO  o.e.m.c.i.embedder.EclipseLogger - skip non existing resourceDirectory C:\Users\2101842\FSE1MoviebookingApp\MovieBookingApp\MovieBookingAppBackend\MovieBookingApp\src\test\resources
2023-06-12 12:48:23,903 [Worker-63] INFO  o.e.m.c.i.embedder.EclipseLogger - Using 'UTF-8' encoding to copy filtered resources.
2023-06-12 12:48:23,903 [Worker-63] INFO  o.e.m.c.i.embedder.EclipseLogger - Using 'UTF-8' encoding to copy filtered properties files.
2023-06-12 12:48:23,910 [Worker-63] INFO  o.e.m.c.i.embedder.EclipseLogger - Copying 1 resource
2023-06-12 12:48:23,956 [Worker-63] INFO  o.e.m.c.i.embedder.EclipseLogger - Copying 1 resource
2023-06-12 12:48:23,965 [Worker-63] INFO  o.e.m.c.i.embedder.EclipseLogger - Using 'UTF-8' encoding to copy filtered resources.
2023-06-12 12:48:23,966 [Worker-63] INFO  o.e.m.c.i.embedder.EclipseLogger - Using 'UTF-8' encoding to copy filtered properties files.
2023-06-12 12:48:23,967 [Worker-63] INFO  o.e.m.c.i.embedder.EclipseLogger - skip non existing resourceDirectory C:\Users\2101842\FSE1MoviebookingApp\MovieBookingApp\MovieBookingAppBackend\MovieBookingApp\src\test\resources
2023-06-12 12:48:47,409 [Worker-64] INFO  o.e.m.c.i.embedder.EclipseLogger - Using 'UTF-8' encoding to copy filtered resources.
2023-06-12 12:48:47,411 [Worker-64] INFO  o.e.m.c.i.embedder.EclipseLogger - Using 'UTF-8' encoding to copy filtered properties files.
2023-06-12 12:48:47,418 [Worker-64] INFO  o.e.m.c.i.embedder.EclipseLogger - Copying 1 resource
2023-06-12 12:48:47,850 [Worker-64] INFO  o.e.m.c.i.embedder.EclipseLogger - Copying 1 resource
2023-06-12 12:48:47,859 [Worker-64] INFO  o.e.m.c.i.embedder.EclipseLogger - Using 'UTF-8' encoding to copy filtered resources.
2023-06-12 12:48:47,860 [Worker-64] INFO  o.e.m.c.i.embedder.EclipseLogger - Using 'UTF-8' encoding to copy filtered properties files.
2023-06-12 12:48:47,860 [Worker-64] INFO  o.e.m.c.i.embedder.EclipseLogger - skip non existing resourceDirectory C:\Users\2101842\FSE1MoviebookingApp\MovieBookingApp\MovieBookingAppBackend\MovieBookingApp\src\test\resources
2023-06-12 12:49:11,327 [Worker-64] INFO  o.e.m.c.i.embedder.EclipseLogger - Using 'UTF-8' encoding to copy filtered resources.
2023-06-12 12:49:11,327 [Worker-64] INFO  o.e.m.c.i.embedder.EclipseLogger - Using 'UTF-8' encoding to copy filtered properties files.
2023-06-12 12:49:11,333 [Worker-64] INFO  o.e.m.c.i.embedder.EclipseLogger - Copying 1 resource
2023-06-12 12:49:11,360 [Worker-64] INFO  o.e.m.c.i.embedder.EclipseLogger - Copying 1 resource
2023-06-12 12:49:11,368 [Worker-64] INFO  o.e.m.c.i.embedder.EclipseLogger - Using 'UTF-8' encoding to copy filtered resources.
2023-06-12 12:49:11,368 [Worker-64] INFO  o.e.m.c.i.embedder.EclipseLogger - Using 'UTF-8' encoding to copy filtered properties files.
2023-06-12 12:49:11,369 [Worker-64] INFO  o.e.m.c.i.embedder.EclipseLogger - skip non existing resourceDirectory C:\Users\2101842\FSE1MoviebookingApp\MovieBookingApp\MovieBookingAppBackend\MovieBookingApp\src\test\resources
2023-06-12 12:50:22,250 [Worker-66] INFO  o.e.m.c.i.embedder.EclipseLogger - Using 'UTF-8' encoding to copy filtered resources.
2023-06-12 12:50:22,252 [Worker-66] INFO  o.e.m.c.i.embedder.EclipseLogger - Using 'UTF-8' encoding to copy filtered properties files.
2023-06-12 12:50:22,258 [Worker-66] INFO  o.e.m.c.i.embedder.EclipseLogger - Copying 1 resource
2023-06-12 12:50:22,297 [Worker-66] INFO  o.e.m.c.i.embedder.EclipseLogger - Copying 1 resource
2023-06-12 12:50:22,307 [Worker-66] INFO  o.e.m.c.i.embedder.EclipseLogger - Using 'UTF-8' encoding to copy filtered resources.
2023-06-12 12:50:22,307 [Worker-66] INFO  o.e.m.c.i.embedder.EclipseLogger - Using 'UTF-8' encoding to copy filtered properties files.
2023-06-12 12:50:22,308 [Worker-66] INFO  o.e.m.c.i.embedder.EclipseLogger - skip non existing resourceDirectory C:\Users\2101842\FSE1MoviebookingApp\MovieBookingApp\MovieBookingAppBackend\MovieBookingApp\src\test\resources
2023-06-12 12:50:54,598 [Worker-64] INFO  o.e.m.c.i.embedder.EclipseLogger - Using 'UTF-8' encoding to copy filtered resources.
2023-06-12 12:50:54,598 [Worker-64] INFO  o.e.m.c.i.embedder.EclipseLogger - Using 'UTF-8' encoding to copy filtered properties files.
2023-06-12 12:50:54,603 [Worker-64] INFO  o.e.m.c.i.embedder.EclipseLogger - Copying 1 resource
2023-06-12 12:50:54,723 [Worker-64] INFO  o.e.m.c.i.embedder.EclipseLogger - Copying 1 resource
2023-06-12 12:50:54,734 [Worker-64] INFO  o.e.m.c.i.embedder.EclipseLogger - Using 'UTF-8' encoding to copy filtered resources.
2023-06-12 12:50:54,734 [Worker-64] INFO  o.e.m.c.i.embedder.EclipseLogger - Using 'UTF-8' encoding to copy filtered properties files.
2023-06-12 12:50:54,735 [Worker-64] INFO  o.e.m.c.i.embedder.EclipseLogger - skip non existing resourceDirectory C:\Users\2101842\FSE1MoviebookingApp\MovieBookingApp\MovieBookingAppBackend\MovieBookingApp\src\test\resources
2023-06-12 12:50:58,416 [Worker-57] INFO  o.e.m.c.i.embedder.EclipseLogger - Using 'UTF-8' encoding to copy filtered resources.
2023-06-12 12:50:58,418 [Worker-57] INFO  o.e.m.c.i.embedder.EclipseLogger - Using 'UTF-8' encoding to copy filtered properties files.
2023-06-12 12:50:58,423 [Worker-57] INFO  o.e.m.c.i.embedder.EclipseLogger - Copying 1 resource
2023-06-12 12:50:58,457 [Worker-57] INFO  o.e.m.c.i.embedder.EclipseLogger - Copying 1 resource
2023-06-12 12:50:58,463 [Worker-57] INFO  o.e.m.c.i.embedder.EclipseLogger - Using 'UTF-8' encoding to copy filtered resources.
2023-06-12 12:50:58,464 [Worker-57] INFO  o.e.m.c.i.embedder.EclipseLogger - Using 'UTF-8' encoding to copy filtered properties files.
2023-06-12 12:50:58,465 [Worker-57] INFO  o.e.m.c.i.embedder.EclipseLogger - skip non existing resourceDirectory C:\Users\2101842\FSE1MoviebookingApp\MovieBookingApp\MovieBookingAppBackend\MovieBookingApp\src\test\resources
2023-06-12 12:51:35,283 [Worker-64] INFO  o.e.m.c.i.embedder.EclipseLogger - Using 'UTF-8' encoding to copy filtered resources.
2023-06-12 12:51:35,283 [Worker-64] INFO  o.e.m.c.i.embedder.EclipseLogger - Using 'UTF-8' encoding to copy filtered properties files.
2023-06-12 12:51:35,290 [Worker-64] INFO  o.e.m.c.i.embedder.EclipseLogger - Copying 1 resource
2023-06-12 12:51:35,322 [Worker-64] INFO  o.e.m.c.i.embedder.EclipseLogger - Copying 1 resource
2023-06-12 12:51:35,343 [Worker-64] INFO  o.e.m.c.i.embedder.EclipseLogger - Using 'UTF-8' encoding to copy filtered resources.
2023-06-12 12:51:35,343 [Worker-64] INFO  o.e.m.c.i.embedder.EclipseLogger - Using 'UTF-8' encoding to copy filtered properties files.
2023-06-12 12:51:35,344 [Worker-64] INFO  o.e.m.c.i.embedder.EclipseLogger - skip non existing resourceDirectory C:\Users\2101842\FSE1MoviebookingApp\MovieBookingApp\MovieBookingAppBackend\MovieBookingApp\src\test\resources
2023-06-12 12:53:10,514 [Worker-64] INFO  o.e.m.c.i.embedder.EclipseLogger - Using 'UTF-8' encoding to copy filtered resources.
2023-06-12 12:53:10,514 [Worker-64] INFO  o.e.m.c.i.embedder.EclipseLogger - Using 'UTF-8' encoding to copy filtered properties files.
2023-06-12 12:53:10,520 [Worker-64] INFO  o.e.m.c.i.embedder.EclipseLogger - Copying 1 resource
2023-06-12 12:53:10,547 [Worker-64] INFO  o.e.m.c.i.embedder.EclipseLogger - Copying 1 resource
2023-06-12 12:53:10,553 [Worker-64] INFO  o.e.m.c.i.embedder.EclipseLogger - Using 'UTF-8' encoding to copy filtered resources.
2023-06-12 12:53:10,555 [Worker-64] INFO  o.e.m.c.i.embedder.EclipseLogger - Using 'UTF-8' encoding to copy filtered properties files.
2023-06-12 12:53:10,555 [Worker-64] INFO  o.e.m.c.i.embedder.EclipseLogger - skip non existing resourceDirectory C:\Users\2101842\FSE1MoviebookingApp\MovieBookingApp\MovieBookingAppBackend\MovieBookingApp\src\test\resources
2023-06-12 12:53:57,205 [Worker-61] INFO  o.e.m.c.i.embedder.EclipseLogger - Using 'UTF-8' encoding to copy filtered resources.
2023-06-12 12:53:57,205 [Worker-61] INFO  o.e.m.c.i.embedder.EclipseLogger - Using 'UTF-8' encoding to copy filtered properties files.
2023-06-12 12:53:57,212 [Worker-61] INFO  o.e.m.c.i.embedder.EclipseLogger - Copying 1 resource
2023-06-12 12:53:57,244 [Worker-61] INFO  o.e.m.c.i.embedder.EclipseLogger - Copying 1 resource
2023-06-12 12:53:57,254 [Worker-61] INFO  o.e.m.c.i.embedder.EclipseLogger - Using 'UTF-8' encoding to copy filtered resources.
2023-06-12 12:53:57,254 [Worker-61] INFO  o.e.m.c.i.embedder.EclipseLogger - Using 'UTF-8' encoding to copy filtered properties files.
2023-06-12 12:53:57,255 [Worker-61] INFO  o.e.m.c.i.embedder.EclipseLogger - skip non existing resourceDirectory C:\Users\2101842\FSE1MoviebookingApp\MovieBookingApp\MovieBookingAppBackend\MovieBookingApp\src\test\resources
2023-06-12 12:54:12,181 [Worker-57] INFO  o.e.m.c.i.embedder.EclipseLogger - Using 'UTF-8' encoding to copy filtered resources.
2023-06-12 12:54:12,183 [Worker-57] INFO  o.e.m.c.i.embedder.EclipseLogger - Using 'UTF-8' encoding to copy filtered properties files.
2023-06-12 12:54:12,191 [Worker-57] INFO  o.e.m.c.i.embedder.EclipseLogger - Copying 1 resource
2023-06-12 12:54:12,231 [Worker-57] INFO  o.e.m.c.i.embedder.EclipseLogger - Copying 1 resource
2023-06-12 12:54:12,244 [Worker-57] INFO  o.e.m.c.i.embedder.EclipseLogger - Using 'UTF-8' encoding to copy filtered resources.
2023-06-12 12:54:12,246 [Worker-57] INFO  o.e.m.c.i.embedder.EclipseLogger - Using 'UTF-8' encoding to copy filtered properties files.
2023-06-12 12:54:12,246 [Worker-57] INFO  o.e.m.c.i.embedder.EclipseLogger - skip non existing resourceDirectory C:\Users\2101842\FSE1MoviebookingApp\MovieBookingApp\MovieBookingAppBackend\MovieBookingApp\src\test\resources
2023-06-12 12:55:28,536 [Worker-59] INFO  o.e.m.c.i.embedder.EclipseLogger - Using 'UTF-8' encoding to copy filtered resources.
2023-06-12 12:55:28,537 [Worker-59] INFO  o.e.m.c.i.embedder.EclipseLogger - Using 'UTF-8' encoding to copy filtered properties files.
2023-06-12 12:55:28,543 [Worker-59] INFO  o.e.m.c.i.embedder.EclipseLogger - Copying 1 resource
2023-06-12 12:55:28,619 [Worker-59] INFO  o.e.m.c.i.embedder.EclipseLogger - Copying 1 resource
2023-06-12 12:55:28,627 [Worker-59] INFO  o.e.m.c.i.embedder.EclipseLogger - Using 'UTF-8' encoding to copy filtered resources.
2023-06-12 12:55:28,627 [Worker-59] INFO  o.e.m.c.i.embedder.EclipseLogger - Using 'UTF-8' encoding to copy filtered properties files.
2023-06-12 12:55:28,628 [Worker-59] INFO  o.e.m.c.i.embedder.EclipseLogger - skip non existing resourceDirectory C:\Users\2101842\FSE1MoviebookingApp\MovieBookingApp\MovieBookingAppBackend\MovieBookingApp\src\test\resources
2023-06-12 12:55:35,254 [Worker-67] INFO  o.e.m.c.i.embedder.EclipseLogger - Using 'UTF-8' encoding to copy filtered resources.
2023-06-12 12:55:35,256 [Worker-67] INFO  o.e.m.c.i.embedder.EclipseLogger - Using 'UTF-8' encoding to copy filtered properties files.
2023-06-12 12:55:35,262 [Worker-67] INFO  o.e.m.c.i.embedder.EclipseLogger - Copying 1 resource
2023-06-12 12:55:35,294 [Worker-67] INFO  o.e.m.c.i.embedder.EclipseLogger - Copying 1 resource
2023-06-12 12:55:35,303 [Worker-67] INFO  o.e.m.c.i.embedder.EclipseLogger - Using 'UTF-8' encoding to copy filtered resources.
2023-06-12 12:55:35,303 [Worker-67] INFO  o.e.m.c.i.embedder.EclipseLogger - Using 'UTF-8' encoding to copy filtered properties files.
2023-06-12 12:55:35,304 [Worker-67] INFO  o.e.m.c.i.embedder.EclipseLogger - skip non existing resourceDirectory C:\Users\2101842\FSE1MoviebookingApp\MovieBookingApp\MovieBookingAppBackend\MovieBookingApp\src\test\resources
2023-06-12 12:57:17,466 [Worker-64] INFO  o.e.m.c.i.embedder.EclipseLogger - Using 'UTF-8' encoding to copy filtered resources.
2023-06-12 12:57:17,466 [Worker-64] INFO  o.e.m.c.i.embedder.EclipseLogger - Using 'UTF-8' encoding to copy filtered properties files.
2023-06-12 12:57:17,471 [Worker-64] INFO  o.e.m.c.i.embedder.EclipseLogger - Copying 1 resource
2023-06-12 12:57:17,531 [Worker-64] INFO  o.e.m.c.i.embedder.EclipseLogger - Copying 1 resource
2023-06-12 12:57:17,539 [Worker-64] INFO  o.e.m.c.i.embedder.EclipseLogger - Using 'UTF-8' encoding to copy filtered resources.
2023-06-12 12:57:17,540 [Worker-64] INFO  o.e.m.c.i.embedder.EclipseLogger - Using 'UTF-8' encoding to copy filtered properties files.
2023-06-12 12:57:17,541 [Worker-64] INFO  o.e.m.c.i.embedder.EclipseLogger - skip non existing resourceDirectory C:\Users\2101842\FSE1MoviebookingApp\MovieBookingApp\MovieBookingAppBackend\MovieBookingApp\src\test\resources
2023-06-12 12:57:54,421 [Worker-62] INFO  o.e.m.c.i.embedder.EclipseLogger - Using 'UTF-8' encoding to copy filtered resources.
2023-06-12 12:57:54,424 [Worker-62] INFO  o.e.m.c.i.embedder.EclipseLogger - Using 'UTF-8' encoding to copy filtered properties files.
2023-06-12 12:57:54,429 [Worker-62] INFO  o.e.m.c.i.embedder.EclipseLogger - Copying 1 resource
2023-06-12 12:57:54,459 [Worker-62] INFO  o.e.m.c.i.embedder.EclipseLogger - Copying 1 resource
2023-06-12 12:57:54,467 [Worker-62] INFO  o.e.m.c.i.embedder.EclipseLogger - Using 'UTF-8' encoding to copy filtered resources.
2023-06-12 12:57:54,468 [Worker-62] INFO  o.e.m.c.i.embedder.EclipseLogger - Using 'UTF-8' encoding to copy filtered properties files.
2023-06-12 12:57:54,469 [Worker-62] INFO  o.e.m.c.i.embedder.EclipseLogger - skip non existing resourceDirectory C:\Users\2101842\FSE1MoviebookingApp\MovieBookingApp\MovieBookingAppBackend\MovieBookingApp\src\test\resources
2023-06-12 13:27:10,536 [Worker-71] INFO  o.e.m.c.i.embedder.EclipseLogger - Using 'UTF-8' encoding to copy filtered resources.
2023-06-12 13:27:10,536 [Worker-71] INFO  o.e.m.c.i.embedder.EclipseLogger - Using 'UTF-8' encoding to copy filtered properties files.
2023-06-12 13:27:10,554 [Worker-71] INFO  o.e.m.c.i.embedder.EclipseLogger - Copying 1 resource
2023-06-12 13:27:10,913 [Worker-71] INFO  o.e.m.c.i.embedder.EclipseLogger - Copying 1 resource
2023-06-12 13:27:10,928 [Worker-71] INFO  o.e.m.c.i.embedder.EclipseLogger - Using 'UTF-8' encoding to copy filtered resources.
2023-06-12 13:27:10,928 [Worker-71] INFO  o.e.m.c.i.embedder.EclipseLogger - Using 'UTF-8' encoding to copy filtered properties files.
2023-06-12 13:27:10,928 [Worker-71] INFO  o.e.m.c.i.embedder.EclipseLogger - skip non existing resourceDirectory C:\Users\2101842\FSE1MoviebookingApp\MovieBookingApp\MovieBookingAppBackend\MovieBookingApp\src\test\resources
2023-06-12 13:28:18,041 [Worker-72] INFO  o.e.m.c.i.embedder.EclipseLogger - Using 'UTF-8' encoding to copy filtered resources.
2023-06-12 13:28:18,041 [Worker-72] INFO  o.e.m.c.i.embedder.EclipseLogger - Using 'UTF-8' encoding to copy filtered properties files.
2023-06-12 13:28:18,041 [Worker-72] INFO  o.e.m.c.i.embedder.EclipseLogger - Copying 1 resource
2023-06-12 13:28:18,069 [Worker-72] INFO  o.e.m.c.i.embedder.EclipseLogger - Copying 0 resource
2023-06-12 13:28:18,069 [Worker-72] INFO  o.e.m.c.i.embedder.EclipseLogger - Using 'UTF-8' encoding to copy filtered resources.
2023-06-12 13:28:18,069 [Worker-72] INFO  o.e.m.c.i.embedder.EclipseLogger - Using 'UTF-8' encoding to copy filtered properties files.
2023-06-12 13:28:18,069 [Worker-72] INFO  o.e.m.c.i.embedder.EclipseLogger - skip non existing resourceDirectory C:\Users\2101842\FSE1MoviebookingApp\MovieBookingApp\MovieBookingAppBackend\UserManagement\src\test\resources
2023-06-12 14:31:40,814 [Worker-94] INFO  o.e.m.c.i.embedder.EclipseLogger - Using 'UTF-8' encoding to copy filtered resources.
2023-06-12 14:31:40,814 [Worker-94] INFO  o.e.m.c.i.embedder.EclipseLogger - Using 'UTF-8' encoding to copy filtered properties files.
2023-06-12 14:31:40,830 [Worker-94] INFO  o.e.m.c.i.embedder.EclipseLogger - Copying 1 resource
2023-06-12 14:31:41,238 [Worker-94] INFO  o.e.m.c.i.embedder.EclipseLogger - Copying 0 resource
2023-06-12 14:31:41,254 [Worker-94] INFO  o.e.m.c.i.embedder.EclipseLogger - Using 'UTF-8' encoding to copy filtered resources.
2023-06-12 14:31:41,254 [Worker-94] INFO  o.e.m.c.i.embedder.EclipseLogger - Using 'UTF-8' encoding to copy filtered properties files.
2023-06-12 14:31:41,254 [Worker-94] INFO  o.e.m.c.i.embedder.EclipseLogger - skip non existing resourceDirectory C:\Users\2101842\FSE1MoviebookingApp\MovieBookingApp\MovieBookingAppBackend\UserManagement\src\test\resources
2023-06-12 14:31:48,358 [Worker-86] INFO  o.e.m.c.i.embedder.EclipseLogger - Using 'UTF-8' encoding to copy filtered resources.
2023-06-12 14:31:48,358 [Worker-86] INFO  o.e.m.c.i.embedder.EclipseLogger - Using 'UTF-8' encoding to copy filtered properties files.
2023-06-12 14:31:48,358 [Worker-86] INFO  o.e.m.c.i.embedder.EclipseLogger - Copying 1 resource
2023-06-12 14:31:48,641 [Worker-86] INFO  o.e.m.c.i.embedder.EclipseLogger - Copying 0 resource
2023-06-12 14:31:48,641 [Worker-86] INFO  o.e.m.c.i.embedder.EclipseLogger - Using 'UTF-8' encoding to copy filtered resources.
2023-06-12 14:31:48,641 [Worker-86] INFO  o.e.m.c.i.embedder.EclipseLogger - Using 'UTF-8' encoding to copy filtered properties files.
2023-06-12 14:31:48,641 [Worker-86] INFO  o.e.m.c.i.embedder.EclipseLogger - skip non existing resourceDirectory C:\Users\2101842\FSE1MoviebookingApp\MovieBookingApp\MovieBookingAppBackend\UserManagement\src\test\resources
2023-06-12 14:48:43,960 [Worker-94] INFO  o.e.m.c.i.embedder.EclipseLogger - Using 'UTF-8' encoding to copy filtered resources.
2023-06-12 14:48:43,968 [Worker-94] INFO  o.e.m.c.i.embedder.EclipseLogger - Using 'UTF-8' encoding to copy filtered properties files.
2023-06-12 14:48:43,975 [Worker-94] INFO  o.e.m.c.i.embedder.EclipseLogger - Copying 1 resource
2023-06-12 14:48:44,378 [Worker-94] INFO  o.e.m.c.i.embedder.EclipseLogger - Copying 0 resource
2023-06-12 14:48:44,385 [Worker-94] INFO  o.e.m.c.i.embedder.EclipseLogger - Using 'UTF-8' encoding to copy filtered resources.
2023-06-12 14:48:44,385 [Worker-94] INFO  o.e.m.c.i.embedder.EclipseLogger - Using 'UTF-8' encoding to copy filtered properties files.
2023-06-12 14:48:44,385 [Worker-94] INFO  o.e.m.c.i.embedder.EclipseLogger - skip non existing resourceDirectory C:\Users\2101842\FSE1MoviebookingApp\MovieBookingApp\MovieBookingAppBackend\UserManagement\src\test\resources
2023-06-12 14:48:45,850 [Worker-101] INFO  o.e.m.c.i.embedder.EclipseLogger - Using 'UTF-8' encoding to copy filtered resources.
2023-06-12 14:48:45,850 [Worker-101] INFO  o.e.m.c.i.embedder.EclipseLogger - Using 'UTF-8' encoding to copy filtered properties files.
2023-06-12 14:48:45,852 [Worker-101] INFO  o.e.m.c.i.embedder.EclipseLogger - Copying 1 resource
2023-06-12 14:48:46,168 [Worker-101] INFO  o.e.m.c.i.embedder.EclipseLogger - Copying 0 resource
2023-06-12 14:48:46,174 [Worker-101] INFO  o.e.m.c.i.embedder.EclipseLogger - Using 'UTF-8' encoding to copy filtered resources.
2023-06-12 14:48:46,174 [Worker-101] INFO  o.e.m.c.i.embedder.EclipseLogger - Using 'UTF-8' encoding to copy filtered properties files.
2023-06-12 14:48:46,174 [Worker-101] INFO  o.e.m.c.i.embedder.EclipseLogger - skip non existing resourceDirectory C:\Users\2101842\FSE1MoviebookingApp\MovieBookingApp\MovieBookingAppBackend\UserManagement\src\test\resources
2023-06-12 14:50:22,486 [Worker-88] INFO  o.e.m.c.i.p.ProjectConfigurationManager - Update started
2023-06-12 14:50:31,965 [Worker-88] INFO  o.e.m.c.i.l.LifecycleMappingFactory - Using org.eclipse.m2e.jdt.JarLifecycleMapping lifecycle mapping for MavenProject: com.cognizant:UserManagement:0.0.1-SNAPSHOT @ C:\Users\2101842\FSE1MoviebookingApp\MovieBookingApp\MovieBookingAppBackend\UserManagement\pom.xml.
2023-06-12 14:50:39,074 [Worker-88] INFO  o.e.m.c.i.l.LifecycleMappingFactory - Using org.eclipse.m2e.jdt.JarLifecycleMapping lifecycle mapping for MavenProject: com.cognizant:MovieBookingApp:0.0.1-SNAPSHOT @ C:\Users\2101842\FSE1MoviebookingApp\MovieBookingApp\MovieBookingAppBackend\MovieBookingApp\pom.xml.
2023-06-12 14:50:49,666 [Worker-88] INFO  o.e.m.j.i.AbstractJavaProjectConfigurator - Adding source folder /UserManagement/src/main/java
2023-06-12 14:50:49,668 [Worker-88] INFO  o.e.m.j.i.AbstractJavaProjectConfigurator - Adding resource folder /UserManagement/src/main/resources
2023-06-12 14:50:49,670 [Worker-88] INFO  o.e.m.j.i.AbstractJavaProjectConfigurator - Adding resource folder /UserManagement/src/main/resources
2023-06-12 14:50:49,673 [Worker-88] INFO  o.e.m.j.i.AbstractJavaProjectConfigurator - Adding source folder /UserManagement/src/test/java
2023-06-12 14:50:51,018 [Worker-88] INFO  o.e.m.c.i.p.ProjectConfigurationManager - Update completed: 28 sec
2023-06-12 14:50:57,164 [Worker-95] INFO  o.e.m.c.i.embedder.EclipseLogger - Using 'UTF-8' encoding to copy filtered resources.
2023-06-12 14:50:57,164 [Worker-95] INFO  o.e.m.c.i.embedder.EclipseLogger - Using 'UTF-8' encoding to copy filtered properties files.
2023-06-12 14:50:57,173 [Worker-95] INFO  o.e.m.c.i.embedder.EclipseLogger - Copying 0 resource
2023-06-12 14:50:57,174 [Worker-95] INFO  o.e.m.c.i.embedder.EclipseLogger - Copying 0 resource
2023-06-12 14:50:57,182 [Worker-95] INFO  o.e.m.c.i.embedder.EclipseLogger - Using 'UTF-8' encoding to copy filtered resources.
2023-06-12 14:50:57,182 [Worker-95] INFO  o.e.m.c.i.embedder.EclipseLogger - Using 'UTF-8' encoding to copy filtered properties files.
2023-06-12 14:50:57,182 [Worker-95] INFO  o.e.m.c.i.embedder.EclipseLogger - skip non existing resourceDirectory C:\Users\2101842\FSE1MoviebookingApp\MovieBookingApp\MovieBookingAppBackend\MovieBookingApp\src\test\resources
2023-06-12 14:51:03,343 [Worker-103] INFO  o.e.m.c.i.embedder.EclipseLogger - Using 'UTF-8' encoding to copy filtered resources.
2023-06-12 14:51:03,345 [Worker-103] INFO  o.e.m.c.i.embedder.EclipseLogger - Using 'UTF-8' encoding to copy filtered properties files.
2023-06-12 14:51:03,347 [Worker-103] INFO  o.e.m.c.i.embedder.EclipseLogger - Copying 1 resource
2023-06-12 14:51:03,483 [Worker-103] INFO  o.e.m.c.i.embedder.EclipseLogger - Copying 0 resource
2023-06-12 14:51:03,489 [Worker-103] INFO  o.e.m.c.i.embedder.EclipseLogger - Using 'UTF-8' encoding to copy filtered resources.
2023-06-12 14:51:03,490 [Worker-103] INFO  o.e.m.c.i.embedder.EclipseLogger - Using 'UTF-8' encoding to copy filtered properties files.
2023-06-12 14:51:03,490 [Worker-103] INFO  o.e.m.c.i.embedder.EclipseLogger - skip non existing resourceDirectory C:\Users\2101842\FSE1MoviebookingApp\MovieBookingApp\MovieBookingAppBackend\UserManagement\src\test\resources
2023-06-12 14:56:55,958 [Worker-104] INFO  o.e.m.c.i.embedder.EclipseLogger - Using 'UTF-8' encoding to copy filtered resources.
2023-06-12 14:56:55,969 [Worker-104] INFO  o.e.m.c.i.embedder.EclipseLogger - Using 'UTF-8' encoding to copy filtered properties files.
2023-06-12 14:56:55,982 [Worker-104] INFO  o.e.m.c.i.embedder.EclipseLogger - Copying 1 resource
2023-06-12 14:56:56,429 [Worker-104] INFO  o.e.m.c.i.embedder.EclipseLogger - Copying 0 resource
2023-06-12 14:56:56,445 [Worker-104] INFO  o.e.m.c.i.embedder.EclipseLogger - Using 'UTF-8' encoding to copy filtered resources.
2023-06-12 14:56:56,446 [Worker-104] INFO  o.e.m.c.i.embedder.EclipseLogger - Using 'UTF-8' encoding to copy filtered properties files.
2023-06-12 14:56:56,446 [Worker-104] INFO  o.e.m.c.i.embedder.EclipseLogger - skip non existing resourceDirectory C:\Users\2101842\FSE1MoviebookingApp\MovieBookingApp\MovieBookingAppBackend\UserManagement\src\test\resources
2023-06-12 14:59:30,667 [Worker-112] INFO  o.e.m.c.i.embedder.EclipseLogger - Using 'UTF-8' encoding to copy filtered resources.
2023-06-12 14:59:30,668 [Worker-112] INFO  o.e.m.c.i.embedder.EclipseLogger - Using 'UTF-8' encoding to copy filtered properties files.
2023-06-12 14:59:30,672 [Worker-112] INFO  o.e.m.c.i.embedder.EclipseLogger - Copying 1 resource
2023-06-12 14:59:31,034 [Worker-112] INFO  o.e.m.c.i.embedder.EclipseLogger - Copying 0 resource
2023-06-12 14:59:31,046 [Worker-112] INFO  o.e.m.c.i.embedder.EclipseLogger - Using 'UTF-8' encoding to copy filtered resources.
2023-06-12 14:59:31,047 [Worker-112] INFO  o.e.m.c.i.embedder.EclipseLogger - Using 'UTF-8' encoding to copy filtered properties files.
2023-06-12 14:59:31,047 [Worker-112] INFO  o.e.m.c.i.embedder.EclipseLogger - skip non existing resourceDirectory C:\Users\2101842\FSE1MoviebookingApp\MovieBookingApp\MovieBookingAppBackend\UserManagement\src\test\resources
2023-06-12 14:59:47,211 [Worker-114] INFO  o.e.m.c.i.embedder.EclipseLogger - Using 'UTF-8' encoding to copy filtered resources.
2023-06-12 14:59:47,211 [Worker-114] INFO  o.e.m.c.i.embedder.EclipseLogger - Using 'UTF-8' encoding to copy filtered properties files.
2023-06-12 14:59:47,216 [Worker-114] INFO  o.e.m.c.i.embedder.EclipseLogger - Copying 1 resource
2023-06-12 14:59:47,276 [Worker-114] INFO  o.e.m.c.i.embedder.EclipseLogger - Copying 1 resource
2023-06-12 14:59:47,281 [Worker-114] INFO  o.e.m.c.i.embedder.EclipseLogger - Using 'UTF-8' encoding to copy filtered resources.
2023-06-12 14:59:47,281 [Worker-114] INFO  o.e.m.c.i.embedder.EclipseLogger - Using 'UTF-8' encoding to copy filtered properties files.
2023-06-12 14:59:47,283 [Worker-114] INFO  o.e.m.c.i.embedder.EclipseLogger - skip non existing resourceDirectory C:\Users\2101842\FSE1MoviebookingApp\MovieBookingApp\MovieBookingAppBackend\MovieBookingApp\src\test\resources
2023-06-12 14:59:49,718 [Worker-114] INFO  o.e.m.c.i.embedder.EclipseLogger - Using 'UTF-8' encoding to copy filtered resources.
2023-06-12 14:59:49,718 [Worker-114] INFO  o.e.m.c.i.embedder.EclipseLogger - Using 'UTF-8' encoding to copy filtered properties files.
2023-06-12 14:59:49,720 [Worker-114] INFO  o.e.m.c.i.embedder.EclipseLogger - Copying 1 resource
2023-06-12 14:59:49,854 [Worker-114] INFO  o.e.m.c.i.embedder.EclipseLogger - Copying 1 resource
2023-06-12 14:59:49,857 [Worker-114] INFO  o.e.m.c.i.embedder.EclipseLogger - Using 'UTF-8' encoding to copy filtered resources.
2023-06-12 14:59:49,858 [Worker-114] INFO  o.e.m.c.i.embedder.EclipseLogger - Using 'UTF-8' encoding to copy filtered properties files.
2023-06-12 14:59:49,858 [Worker-114] INFO  o.e.m.c.i.embedder.EclipseLogger - skip non existing resourceDirectory C:\Users\2101842\FSE1MoviebookingApp\MovieBookingApp\MovieBookingAppBackend\MovieBookingApp\src\test\resources
2023-06-12 15:02:41,410 [Worker-111] INFO  o.e.m.c.i.embedder.EclipseLogger - Using 'UTF-8' encoding to copy filtered resources.
2023-06-12 15:02:41,414 [Worker-111] INFO  o.e.m.c.i.embedder.EclipseLogger - Using 'UTF-8' encoding to copy filtered properties files.
2023-06-12 15:02:41,420 [Worker-111] INFO  o.e.m.c.i.embedder.EclipseLogger - Copying 1 resource
2023-06-12 15:02:41,692 [Worker-111] INFO  o.e.m.c.i.embedder.EclipseLogger - Copying 1 resource
2023-06-12 15:02:41,699 [Worker-111] INFO  o.e.m.c.i.embedder.EclipseLogger - Using 'UTF-8' encoding to copy filtered resources.
2023-06-12 15:02:41,699 [Worker-111] INFO  o.e.m.c.i.embedder.EclipseLogger - Using 'UTF-8' encoding to copy filtered properties files.
2023-06-12 15:02:41,702 [Worker-111] INFO  o.e.m.c.i.embedder.EclipseLogger - skip non existing resourceDirectory C:\Users\2101842\FSE1MoviebookingApp\MovieBookingApp\MovieBookingAppBackend\MovieBookingApp\src\test\resources
2023-06-12 15:02:57,138 [Worker-115] INFO  o.e.m.c.i.embedder.EclipseLogger - Using 'UTF-8' encoding to copy filtered resources.
2023-06-12 15:02:57,138 [Worker-115] INFO  o.e.m.c.i.embedder.EclipseLogger - Using 'UTF-8' encoding to copy filtered properties files.
2023-06-12 15:02:57,141 [Worker-115] INFO  o.e.m.c.i.embedder.EclipseLogger - Copying 1 resource
2023-06-12 15:02:57,173 [Worker-115] INFO  o.e.m.c.i.embedder.EclipseLogger - Copying 1 resource
2023-06-12 15:02:57,184 [Worker-115] INFO  o.e.m.c.i.embedder.EclipseLogger - Using 'UTF-8' encoding to copy filtered resources.
2023-06-12 15:02:57,184 [Worker-115] INFO  o.e.m.c.i.embedder.EclipseLogger - Using 'UTF-8' encoding to copy filtered properties files.
2023-06-12 15:02:57,185 [Worker-115] INFO  o.e.m.c.i.embedder.EclipseLogger - skip non existing resourceDirectory C:\Users\2101842\FSE1MoviebookingApp\MovieBookingApp\MovieBookingAppBackend\MovieBookingApp\src\test\resources
2023-06-12 15:03:22,904 [Worker-114] INFO  o.e.m.c.i.embedder.EclipseLogger - Using 'UTF-8' encoding to copy filtered resources.
2023-06-12 15:03:22,904 [Worker-114] INFO  o.e.m.c.i.embedder.EclipseLogger - Using 'UTF-8' encoding to copy filtered properties files.
2023-06-12 15:03:22,907 [Worker-114] INFO  o.e.m.c.i.embedder.EclipseLogger - Copying 1 resource
2023-06-12 15:03:22,943 [Worker-114] INFO  o.e.m.c.i.embedder.EclipseLogger - Copying 0 resource
2023-06-12 15:03:22,946 [Worker-114] INFO  o.e.m.c.i.embedder.EclipseLogger - Using 'UTF-8' encoding to copy filtered resources.
2023-06-12 15:03:22,946 [Worker-114] INFO  o.e.m.c.i.embedder.EclipseLogger - Using 'UTF-8' encoding to copy filtered properties files.
2023-06-12 15:03:22,946 [Worker-114] INFO  o.e.m.c.i.embedder.EclipseLogger - skip non existing resourceDirectory C:\Users\2101842\FSE1MoviebookingApp\MovieBookingApp\MovieBookingAppBackend\UserManagement\src\test\resources
2023-06-12 15:03:32,380 [Worker-100] INFO  o.e.m.c.i.embedder.EclipseLogger - Using 'UTF-8' encoding to copy filtered resources.
2023-06-12 15:03:32,380 [Worker-100] INFO  o.e.m.c.i.embedder.EclipseLogger - Using 'UTF-8' encoding to copy filtered properties files.
2023-06-12 15:03:32,383 [Worker-100] INFO  o.e.m.c.i.embedder.EclipseLogger - Copying 1 resource
2023-06-12 15:03:32,506 [Worker-100] INFO  o.e.m.c.i.embedder.EclipseLogger - Copying 0 resource
2023-06-12 15:03:32,510 [Worker-100] INFO  o.e.m.c.i.embedder.EclipseLogger - Using 'UTF-8' encoding to copy filtered resources.
2023-06-12 15:03:32,511 [Worker-100] INFO  o.e.m.c.i.embedder.EclipseLogger - Using 'UTF-8' encoding to copy filtered properties files.
2023-06-12 15:03:32,511 [Worker-100] INFO  o.e.m.c.i.embedder.EclipseLogger - skip non existing resourceDirectory C:\Users\2101842\FSE1MoviebookingApp\MovieBookingApp\MovieBookingAppBackend\UserManagement\src\test\resources
2023-06-12 15:03:40,377 [Worker-95] INFO  o.e.m.c.i.embedder.EclipseLogger - Using 'UTF-8' encoding to copy filtered resources.
2023-06-12 15:03:40,377 [Worker-95] INFO  o.e.m.c.i.embedder.EclipseLogger - Using 'UTF-8' encoding to copy filtered properties files.
2023-06-12 15:03:40,380 [Worker-95] INFO  o.e.m.c.i.embedder.EclipseLogger - Copying 1 resource
2023-06-12 15:03:40,401 [Worker-95] INFO  o.e.m.c.i.embedder.EclipseLogger - Copying 1 resource
2023-06-12 15:03:40,405 [Worker-95] INFO  o.e.m.c.i.embedder.EclipseLogger - Using 'UTF-8' encoding to copy filtered resources.
2023-06-12 15:03:40,405 [Worker-95] INFO  o.e.m.c.i.embedder.EclipseLogger - Using 'UTF-8' encoding to copy filtered properties files.
2023-06-12 15:03:40,406 [Worker-95] INFO  o.e.m.c.i.embedder.EclipseLogger - skip non existing resourceDirectory C:\Users\2101842\FSE1MoviebookingApp\MovieBookingApp\MovieBookingAppBackend\MovieBookingApp\src\test\resources
2023-06-12 15:03:59,058 [Worker-114] INFO  o.e.m.c.i.embedder.EclipseLogger - Using 'UTF-8' encoding to copy filtered resources.
2023-06-12 15:03:59,059 [Worker-114] INFO  o.e.m.c.i.embedder.EclipseLogger - Using 'UTF-8' encoding to copy filtered properties files.
2023-06-12 15:03:59,062 [Worker-114] INFO  o.e.m.c.i.embedder.EclipseLogger - Copying 1 resource
2023-06-12 15:03:59,117 [Worker-114] INFO  o.e.m.c.i.embedder.EclipseLogger - Copying 1 resource
2023-06-12 15:03:59,122 [Worker-114] INFO  o.e.m.c.i.embedder.EclipseLogger - Using 'UTF-8' encoding to copy filtered resources.
2023-06-12 15:03:59,123 [Worker-114] INFO  o.e.m.c.i.embedder.EclipseLogger - Using 'UTF-8' encoding to copy filtered properties files.
2023-06-12 15:03:59,123 [Worker-114] INFO  o.e.m.c.i.embedder.EclipseLogger - skip non existing resourceDirectory C:\Users\2101842\FSE1MoviebookingApp\MovieBookingApp\MovieBookingAppBackend\MovieBookingApp\src\test\resources
